{"/Users/alyshialedlie/code/ISPublicSites/tcad-scraper/server/src/test-api-direct.ts": {"path":"/Users/alyshialedlie/code/ISPublicSites/tcad-scraper/server/src/test-api-direct.ts","statementMap":{"0":{"start":{"line":1,"column":0},"end":{"line":1,"column":35}},"1":{"start":{"line":3,"column":2},"end":{"line":3,"column":48}},"2":{"start":{"line":6,"column":2},"end":{"line":6,"column":41}},"3":{"start":{"line":7,"column":31},"end":{"line":7,"column":134}},"4":{"start":{"line":8,"column":23},"end":{"line":8,"column":56}},"5":{"start":{"line":9,"column":2},"end":{"line":9,"column":60}},"6":{"start":{"line":12,"column":2},"end":{"line":12,"column":42}},"7":{"start":{"line":13,"column":23},"end":{"line":17,"column":4}},"8":{"start":{"line":19,"column":19},"end":{"line":19,"column":44}},"9":{"start":{"line":20,"column":16},"end":{"line":20,"column":35}},"10":{"start":{"line":21,"column":2},"end":{"line":21,"column":61}},"11":{"start":{"line":24,"column":2},"end":{"line":24,"column":48}},"12":{"start":{"line":25,"column":25},"end":{"line":40,"column":4}},"13":{"start":{"line":42,"column":2},"end":{"line":42,"column":53}},"14":{"start":{"line":43,"column":21},"end":{"line":43,"column":48}},"15":{"start":{"line":44,"column":2},"end":{"line":44,"column":93}},"16":{"start":{"line":47,"column":2},"end":{"line":64,"column":3}},"17":{"start":{"line":48,"column":26},"end":{"line":48,"column":47}},"18":{"start":{"line":49,"column":4},"end":{"line":49,"column":43}},"19":{"start":{"line":50,"column":4},"end":{"line":50,"column":56}},"20":{"start":{"line":52,"column":4},"end":{"line":52,"column":42}},"21":{"start":{"line":53,"column":4},"end":{"line":53,"column":58}},"22":{"start":{"line":54,"column":4},"end":{"line":54,"column":101}},"23":{"start":{"line":55,"column":4},"end":{"line":55,"column":94}},"24":{"start":{"line":56,"column":4},"end":{"line":56,"column":126}},"25":{"start":{"line":57,"column":4},"end":{"line":57,"column":175}},"26":{"start":{"line":58,"column":4},"end":{"line":58,"column":74}},"27":{"start":{"line":60,"column":4},"end":{"line":60,"column":56}},"28":{"start":{"line":61,"column":4},"end":{"line":61,"column":55}},"29":{"start":{"line":63,"column":4},"end":{"line":63,"column":41}},"30":{"start":{"line":67,"column":0},"end":{"line":67,"column":30}}},"fnMap":{"0":{"name":"testApi","decl":{"start":{"line":2,"column":15},"end":{"line":2,"column":22}},"loc":{"start":{"line":2,"column":22},"end":{"line":65,"column":1}}}},"branchMap":{"0":{"loc":{"start":{"line":44,"column":43},"end":{"line":44,"column":87}},"type":"binary-expr","locations":[{"start":{"line":44,"column":43},"end":{"line":44,"column":82}},{"start":{"line":44,"column":86},"end":{"line":44,"column":87}}]},"1":{"loc":{"start":{"line":47,"column":2},"end":{"line":64,"column":3}},"type":"if","locations":[{"start":{"line":47,"column":2},"end":{"line":64,"column":3}},{"start":{"line":62,"column":9},"end":{"line":64,"column":3}}]},"2":{"loc":{"start":{"line":47,"column":6},"end":{"line":47,"column":57}},"type":"binary-expr","locations":[{"start":{"line":47,"column":6},"end":{"line":47,"column":24}},{"start":{"line":47,"column":28},"end":{"line":47,"column":57}}]},"3":{"loc":{"start":{"line":54,"column":36},"end":{"line":54,"column":97}},"type":"binary-expr","locations":[{"start":{"line":54,"column":36},"end":{"line":54,"column":61}},{"start":{"line":54,"column":65},"end":{"line":54,"column":88}},{"start":{"line":54,"column":92},"end":{"line":54,"column":97}}]},"4":{"loc":{"start":{"line":55,"column":30},"end":{"line":55,"column":90}},"type":"binary-expr","locations":[{"start":{"line":55,"column":30},"end":{"line":55,"column":53}},{"start":{"line":55,"column":57},"end":{"line":55,"column":75}},{"start":{"line":55,"column":79},"end":{"line":55,"column":90}}]},"5":{"loc":{"start":{"line":56,"column":33},"end":{"line":56,"column":122}},"type":"binary-expr","locations":[{"start":{"line":56,"column":33},"end":{"line":56,"column":60}},{"start":{"line":56,"column":64},"end":{"line":56,"column":90}},{"start":{"line":56,"column":94},"end":{"line":56,"column":113}},{"start":{"line":56,"column":117},"end":{"line":56,"column":122}}]},"6":{"loc":{"start":{"line":57,"column":41},"end":{"line":57,"column":171}},"type":"binary-expr","locations":[{"start":{"line":57,"column":41},"end":{"line":57,"column":69}},{"start":{"line":57,"column":73},"end":{"line":57,"column":98}},{"start":{"line":57,"column":102},"end":{"line":57,"column":124}},{"start":{"line":57,"column":128},"end":{"line":57,"column":156}},{"start":{"line":57,"column":160},"end":{"line":57,"column":171}}]},"7":{"loc":{"start":{"line":58,"column":39},"end":{"line":58,"column":70}},"type":"binary-expr","locations":[{"start":{"line":58,"column":39},"end":{"line":58,"column":61}},{"start":{"line":58,"column":65},"end":{"line":58,"column":70}}]}},"s":{"0":0,"1":0,"2":0,"3":0,"4":0,"5":0,"6":0,"7":0,"8":0,"9":0,"10":0,"11":0,"12":0,"13":0,"14":0,"15":0,"16":0,"17":0,"18":0,"19":0,"20":0,"21":0,"22":0,"23":0,"24":0,"25":0,"26":0,"27":0,"28":0,"29":0,"30":0},"f":{"0":0},"b":{"0":[0,0],"1":[0,0],"2":[0,0],"3":[0,0,0],"4":[0,0,0],"5":[0,0,0,0],"6":[0,0,0,0,0],"7":[0,0]}}
,"/Users/alyshialedlie/code/ISPublicSites/tcad-scraper/server/src/test-api-discovery.ts": {"path":"/Users/alyshialedlie/code/ISPublicSites/tcad-scraper/server/src/test-api-discovery.ts","statementMap":{"0":{"start":{"line":1,"column":0},"end":{"line":1,"column":49}},"1":{"start":{"line":2,"column":0},"end":{"line":2,"column":35}},"2":{"start":{"line":5,"column":2},"end":{"line":5,"column":43}},"3":{"start":{"line":7,"column":18},"end":{"line":9,"column":4}},"4":{"start":{"line":11,"column":2},"end":{"line":23,"column":3}},"5":{"start":{"line":12,"column":4},"end":{"line":12,"column":31}},"6":{"start":{"line":16,"column":4},"end":{"line":16,"column":48}},"7":{"start":{"line":18,"column":4},"end":{"line":18,"column":47}},"8":{"start":{"line":20,"column":4},"end":{"line":20,"column":51}},"9":{"start":{"line":22,"column":4},"end":{"line":22,"column":28}},"10":{"start":{"line":26,"column":0},"end":{"line":26,"column":19}}},"fnMap":{"0":{"name":"testApiDiscovery","decl":{"start":{"line":4,"column":15},"end":{"line":4,"column":31}},"loc":{"start":{"line":4,"column":31},"end":{"line":24,"column":1}}}},"branchMap":{},"s":{"0":0,"1":0,"2":0,"3":0,"4":0,"5":0,"6":0,"7":0,"8":0,"9":0,"10":0},"f":{"0":0},"b":{}}
,"/Users/alyshialedlie/code/ISPublicSites/tcad-scraper/server/src/test-api-scraper.ts": {"path":"/Users/alyshialedlie/code/ISPublicSites/tcad-scraper/server/src/test-api-scraper.ts","statementMap":{"0":{"start":{"line":1,"column":0},"end":{"line":1,"column":49}},"1":{"start":{"line":2,"column":0},"end":{"line":2,"column":35}},"2":{"start":{"line":5,"column":2},"end":{"line":5,"column":48}},"3":{"start":{"line":7,"column":18},"end":{"line":9,"column":4}},"4":{"start":{"line":11,"column":2},"end":{"line":45,"column":3}},"5":{"start":{"line":12,"column":4},"end":{"line":12,"column":31}},"6":{"start":{"line":14,"column":4},"end":{"line":14,"column":55}},"7":{"start":{"line":15,"column":23},"end":{"line":15,"column":69}},"8":{"start":{"line":17,"column":4},"end":{"line":17,"column":78}},"9":{"start":{"line":19,"column":4},"end":{"line":39,"column":5}},"10":{"start":{"line":20,"column":6},"end":{"line":20,"column":43}},"11":{"start":{"line":21,"column":6},"end":{"line":30,"column":9}},"12":{"start":{"line":22,"column":8},"end":{"line":22,"column":46}},"13":{"start":{"line":23,"column":8},"end":{"line":23,"column":57}},"14":{"start":{"line":24,"column":8},"end":{"line":24,"column":45}},"15":{"start":{"line":25,"column":8},"end":{"line":25,"column":59}},"16":{"start":{"line":26,"column":8},"end":{"line":26,"column":58}},"17":{"start":{"line":27,"column":8},"end":{"line":27,"column":83}},"18":{"start":{"line":28,"column":8},"end":{"line":28,"column":57}},"19":{"start":{"line":29,"column":8},"end":{"line":29,"column":24}},"20":{"start":{"line":33,"column":23},"end":{"line":33,"column":60}},"21":{"start":{"line":33,"column":46},"end":{"line":33,"column":52}},"22":{"start":{"line":34,"column":24},"end":{"line":34,"column":75}},"23":{"start":{"line":34,"column":47},"end":{"line":34,"column":67}},"24":{"start":{"line":36,"column":6},"end":{"line":36,"column":40}},"25":{"start":{"line":37,"column":6},"end":{"line":37,"column":127}},"26":{"start":{"line":38,"column":6},"end":{"line":38,"column":140}},"27":{"start":{"line":42,"column":4},"end":{"line":42,"column":44}},"28":{"start":{"line":44,"column":4},"end":{"line":44,"column":28}},"29":{"start":{"line":48,"column":0},"end":{"line":48,"column":17}}},"fnMap":{"0":{"name":"testApiScraper","decl":{"start":{"line":4,"column":15},"end":{"line":4,"column":29}},"loc":{"start":{"line":4,"column":29},"end":{"line":46,"column":1}}},"1":{"name":"(anonymous_2)","decl":{"start":{"line":21,"column":37},"end":{"line":21,"column":38}},"loc":{"start":{"line":21,"column":53},"end":{"line":30,"column":7}}},"2":{"name":"(anonymous_3)","decl":{"start":{"line":33,"column":41},"end":{"line":33,"column":42}},"loc":{"start":{"line":33,"column":46},"end":{"line":33,"column":52}}},"3":{"name":"(anonymous_4)","decl":{"start":{"line":34,"column":42},"end":{"line":34,"column":43}},"loc":{"start":{"line":34,"column":47},"end":{"line":34,"column":67}}}},"branchMap":{"0":{"loc":{"start":{"line":19,"column":4},"end":{"line":39,"column":5}},"type":"if","locations":[{"start":{"line":19,"column":4},"end":{"line":39,"column":5}}]},"1":{"loc":{"start":{"line":25,"column":31},"end":{"line":25,"column":55}},"type":"binary-expr","locations":[{"start":{"line":25,"column":31},"end":{"line":25,"column":40}},{"start":{"line":25,"column":44},"end":{"line":25,"column":55}}]}},"s":{"0":0,"1":0,"2":0,"3":0,"4":0,"5":0,"6":0,"7":0,"8":0,"9":0,"10":0,"11":0,"12":0,"13":0,"14":0,"15":0,"16":0,"17":0,"18":0,"19":0,"20":0,"21":0,"22":0,"23":0,"24":0,"25":0,"26":0,"27":0,"28":0,"29":0},"f":{"0":0,"1":0,"2":0,"3":0},"b":{"0":[0],"1":[0,0]}}
,"/Users/alyshialedlie/code/ISPublicSites/tcad-scraper/server/src/config/index.ts": {"path":"/Users/alyshialedlie/code/ISPublicSites/tcad-scraper/server/src/config/index.ts","statementMap":{"0":{"start":{"line":268,"column":0},"end":{"line":268,"column":16}},"1":{"start":{"line":293,"column":0},"end":{"line":293,"column":16}},"2":{"start":{"line":12,"column":0},"end":{"line":12,"column":28}},"3":{"start":{"line":13,"column":0},"end":{"line":13,"column":35}},"4":{"start":{"line":16,"column":0},"end":{"line":16,"column":16}},"5":{"start":{"line":22,"column":16},"end":{"line":22,"column":32}},"6":{"start":{"line":23,"column":2},"end":{"line":23,"column":34}},"7":{"start":{"line":23,"column":14},"end":{"line":23,"column":34}},"8":{"start":{"line":24,"column":17},"end":{"line":24,"column":36}},"9":{"start":{"line":25,"column":2},"end":{"line":25,"column":47}},"10":{"start":{"line":32,"column":16},"end":{"line":32,"column":32}},"11":{"start":{"line":33,"column":2},"end":{"line":33,"column":34}},"12":{"start":{"line":33,"column":14},"end":{"line":33,"column":34}},"13":{"start":{"line":34,"column":2},"end":{"line":34,"column":57}},"14":{"start":{"line":41,"column":16},"end":{"line":41,"column":32}},"15":{"start":{"line":42,"column":2},"end":{"line":42,"column":34}},"16":{"start":{"line":42,"column":14},"end":{"line":42,"column":34}},"17":{"start":{"line":43,"column":2},"end":{"line":43,"column":61}},"18":{"start":{"line":43,"column":35},"end":{"line":43,"column":43}},"19":{"start":{"line":49,"column":13},"end":{"line":262,"column":11}},"20":{"start":{"line":269,"column":27},"end":{"line":269,"column":29}},"21":{"start":{"line":272,"column":2},"end":{"line":274,"column":3}},"22":{"start":{"line":273,"column":4},"end":{"line":273,"column":44}},"23":{"start":{"line":276,"column":2},"end":{"line":283,"column":3}},"24":{"start":{"line":277,"column":4},"end":{"line":279,"column":5}},"25":{"start":{"line":278,"column":6},"end":{"line":278,"column":58}},"26":{"start":{"line":280,"column":4},"end":{"line":282,"column":5}},"27":{"start":{"line":281,"column":6},"end":{"line":281,"column":79}},"28":{"start":{"line":285,"column":2},"end":{"line":287,"column":3}},"29":{"start":{"line":286,"column":4},"end":{"line":286,"column":78}},"30":{"start":{"line":294,"column":2},"end":{"line":294,"column":47}},"31":{"start":{"line":295,"column":2},"end":{"line":295,"column":52}},"32":{"start":{"line":296,"column":2},"end":{"line":296,"column":69}},"33":{"start":{"line":297,"column":2},"end":{"line":297,"column":84}},"34":{"start":{"line":298,"column":2},"end":{"line":298,"column":66}},"35":{"start":{"line":299,"column":2},"end":{"line":299,"column":115}},"36":{"start":{"line":300,"column":2},"end":{"line":300,"column":140}},"37":{"start":{"line":301,"column":2},"end":{"line":301,"column":77}},"38":{"start":{"line":302,"column":2},"end":{"line":302,"column":142}},"39":{"start":{"line":303,"column":2},"end":{"line":303,"column":155}},"40":{"start":{"line":304,"column":2},"end":{"line":304,"column":89}},"41":{"start":{"line":305,"column":2},"end":{"line":305,"column":92}},"42":{"start":{"line":306,"column":2},"end":{"line":306,"column":83}},"43":{"start":{"line":308,"column":2},"end":{"line":310,"column":3}},"44":{"start":{"line":309,"column":4},"end":{"line":309,"column":79}},"45":{"start":{"line":312,"column":2},"end":{"line":312,"column":46}},"46":{"start":{"line":316,"column":13},"end":{"line":316,"column":42}},"47":{"start":{"line":317,"column":13},"end":{"line":317,"column":46}},"48":{"start":{"line":318,"column":13},"end":{"line":318,"column":40}},"49":{"start":{"line":319,"column":13},"end":{"line":319,"column":40}},"50":{"start":{"line":320,"column":13},"end":{"line":320,"column":48}},"51":{"start":{"line":321,"column":13},"end":{"line":321,"column":38}},"52":{"start":{"line":322,"column":13},"end":{"line":322,"column":46}},"53":{"start":{"line":323,"column":13},"end":{"line":323,"column":38}},"54":{"start":{"line":324,"column":13},"end":{"line":324,"column":44}},"55":{"start":{"line":325,"column":13},"end":{"line":325,"column":42}},"56":{"start":{"line":326,"column":13},"end":{"line":326,"column":44}},"57":{"start":{"line":327,"column":13},"end":{"line":327,"column":46}},"58":{"start":{"line":328,"column":13},"end":{"line":328,"column":50}},"59":{"start":{"line":331,"column":0},"end":{"line":331,"column":22}}},"fnMap":{"0":{"name":"parseIntEnv","decl":{"start":{"line":21,"column":9},"end":{"line":21,"column":20}},"loc":{"start":{"line":21,"column":54},"end":{"line":26,"column":1}}},"1":{"name":"parseBoolEnv","decl":{"start":{"line":31,"column":9},"end":{"line":31,"column":21}},"loc":{"start":{"line":31,"column":56},"end":{"line":35,"column":1}}},"2":{"name":"parseArrayEnv","decl":{"start":{"line":40,"column":9},"end":{"line":40,"column":22}},"loc":{"start":{"line":40,"column":58},"end":{"line":44,"column":1}}},"3":{"name":"(anonymous_4)","decl":{"start":{"line":43,"column":30},"end":{"line":43,"column":31}},"loc":{"start":{"line":43,"column":35},"end":{"line":43,"column":43}}},"4":{"name":"validateConfig","decl":{"start":{"line":268,"column":16},"end":{"line":268,"column":30}},"loc":{"start":{"line":268,"column":30},"end":{"line":288,"column":1}}},"5":{"name":"logConfigSummary","decl":{"start":{"line":293,"column":16},"end":{"line":293,"column":32}},"loc":{"start":{"line":293,"column":32},"end":{"line":313,"column":1}}}},"branchMap":{"0":{"loc":{"start":{"line":23,"column":2},"end":{"line":23,"column":34}},"type":"if","locations":[{"start":{"line":23,"column":2},"end":{"line":23,"column":34}}]},"1":{"loc":{"start":{"line":25,"column":9},"end":{"line":25,"column":46}},"type":"cond-expr","locations":[{"start":{"line":25,"column":25},"end":{"line":25,"column":37}},{"start":{"line":25,"column":40},"end":{"line":25,"column":46}}]},"2":{"loc":{"start":{"line":33,"column":2},"end":{"line":33,"column":34}},"type":"if","locations":[{"start":{"line":33,"column":2},"end":{"line":33,"column":34}}]},"3":{"loc":{"start":{"line":34,"column":9},"end":{"line":34,"column":56}},"type":"binary-expr","locations":[{"start":{"line":34,"column":9},"end":{"line":34,"column":39}},{"start":{"line":34,"column":43},"end":{"line":34,"column":56}}]},"4":{"loc":{"start":{"line":42,"column":2},"end":{"line":42,"column":34}},"type":"if","locations":[{"start":{"line":42,"column":2},"end":{"line":42,"column":34}}]},"5":{"loc":{"start":{"line":52,"column":13},"end":{"line":52,"column":50}},"type":"binary-expr","locations":[{"start":{"line":52,"column":13},"end":{"line":52,"column":33}},{"start":{"line":52,"column":37},"end":{"line":52,"column":50}}]},"6":{"loc":{"start":{"line":68,"column":10},"end":{"line":68,"column":39}},"type":"binary-expr","locations":[{"start":{"line":68,"column":10},"end":{"line":68,"column":26}},{"start":{"line":68,"column":30},"end":{"line":68,"column":39}}]},"7":{"loc":{"start":{"line":75,"column":9},"end":{"line":75,"column":79}},"type":"binary-expr","locations":[{"start":{"line":75,"column":9},"end":{"line":75,"column":33}},{"start":{"line":75,"column":37},"end":{"line":75,"column":79}}]},"8":{"loc":{"start":{"line":83,"column":10},"end":{"line":83,"column":47}},"type":"binary-expr","locations":[{"start":{"line":83,"column":10},"end":{"line":83,"column":32}},{"start":{"line":83,"column":36},"end":{"line":83,"column":47}}]},"9":{"loc":{"start":{"line":104,"column":16},"end":{"line":104,"column":67}},"type":"binary-expr","locations":[{"start":{"line":104,"column":16},"end":{"line":104,"column":48}},{"start":{"line":104,"column":52},"end":{"line":104,"column":67}}]},"10":{"loc":{"start":{"line":114,"column":15},"end":{"line":114,"column":110}},"type":"binary-expr","locations":[{"start":{"line":114,"column":15},"end":{"line":114,"column":49}},{"start":{"line":114,"column":53},"end":{"line":114,"column":110}}]},"11":{"loc":{"start":{"line":119,"column":15},"end":{"line":119,"column":117}},"type":"binary-expr","locations":[{"start":{"line":119,"column":15},"end":{"line":119,"column":53}},{"start":{"line":119,"column":57},"end":{"line":119,"column":117}}]},"12":{"loc":{"start":{"line":140,"column":33},"end":{"line":140,"column":74}},"type":"binary-expr","locations":[{"start":{"line":140,"column":33},"end":{"line":140,"column":56}},{"start":{"line":140,"column":60},"end":{"line":140,"column":74}}]},"13":{"loc":{"start":{"line":171,"column":14},"end":{"line":171,"column":78}},"type":"binary-expr","locations":[{"start":{"line":171,"column":14},"end":{"line":171,"column":36}},{"start":{"line":171,"column":40},"end":{"line":171,"column":78}}]},"14":{"loc":{"start":{"line":172,"column":17},"end":{"line":172,"column":51}},"type":"binary-expr","locations":[{"start":{"line":172,"column":17},"end":{"line":172,"column":43}},{"start":{"line":172,"column":47},"end":{"line":172,"column":51}}]},"15":{"loc":{"start":{"line":196,"column":15},"end":{"line":202,"column":null}},"type":"cond-expr","locations":[{"start":{"line":197,"column":8},"end":{"line":197,"column":49}},{"start":{"line":198,"column":8},"end":{"line":202,"column":null}}]},"16":{"loc":{"start":{"line":212,"column":17},"end":{"line":212,"column":74}},"type":"binary-expr","locations":[{"start":{"line":212,"column":17},"end":{"line":212,"column":51}},{"start":{"line":212,"column":55},"end":{"line":212,"column":74}}]},"17":{"loc":{"start":{"line":220,"column":11},"end":{"line":220,"column":64}},"type":"binary-expr","locations":[{"start":{"line":220,"column":11},"end":{"line":220,"column":35}},{"start":{"line":220,"column":39},"end":{"line":220,"column":64}}]},"18":{"loc":{"start":{"line":245,"column":16},"end":{"line":245,"column":50}},"type":"binary-expr","locations":[{"start":{"line":245,"column":16},"end":{"line":245,"column":39}},{"start":{"line":245,"column":43},"end":{"line":245,"column":50}}]},"19":{"loc":{"start":{"line":258,"column":19},"end":{"line":258,"column":90}},"type":"binary-expr","locations":[{"start":{"line":258,"column":19},"end":{"line":258,"column":49}},{"start":{"line":258,"column":53},"end":{"line":258,"column":73}},{"start":{"line":258,"column":77},"end":{"line":258,"column":90}}]},"20":{"loc":{"start":{"line":259,"column":35},"end":{"line":259,"column":81}},"type":"binary-expr","locations":[{"start":{"line":259,"column":35},"end":{"line":259,"column":72}},{"start":{"line":259,"column":76},"end":{"line":259,"column":81}}]},"21":{"loc":{"start":{"line":272,"column":2},"end":{"line":274,"column":3}},"type":"if","locations":[{"start":{"line":272,"column":2},"end":{"line":274,"column":3}}]},"22":{"loc":{"start":{"line":276,"column":2},"end":{"line":283,"column":3}},"type":"if","locations":[{"start":{"line":276,"column":2},"end":{"line":283,"column":3}}]},"23":{"loc":{"start":{"line":277,"column":4},"end":{"line":279,"column":5}},"type":"if","locations":[{"start":{"line":277,"column":4},"end":{"line":279,"column":5}}]},"24":{"loc":{"start":{"line":277,"column":8},"end":{"line":277,"column":100}},"type":"binary-expr","locations":[{"start":{"line":277,"column":8},"end":{"line":277,"column":31}},{"start":{"line":277,"column":35},"end":{"line":277,"column":100}}]},"25":{"loc":{"start":{"line":280,"column":4},"end":{"line":282,"column":5}},"type":"if","locations":[{"start":{"line":280,"column":4},"end":{"line":282,"column":5}}]},"26":{"loc":{"start":{"line":285,"column":2},"end":{"line":287,"column":3}},"type":"if","locations":[{"start":{"line":285,"column":2},"end":{"line":287,"column":3}}]},"27":{"loc":{"start":{"line":297,"column":27},"end":{"line":297,"column":80}},"type":"cond-expr","locations":[{"start":{"line":297,"column":49},"end":{"line":297,"column":61}},{"start":{"line":297,"column":64},"end":{"line":297,"column":80}}]},"28":{"loc":{"start":{"line":299,"column":34},"end":{"line":299,"column":111}},"type":"cond-expr","locations":[{"start":{"line":299,"column":67},"end":{"line":299,"column":98}},{"start":{"line":299,"column":101},"end":{"line":299,"column":111}}]},"29":{"loc":{"start":{"line":300,"column":23},"end":{"line":300,"column":79}},"type":"cond-expr","locations":[{"start":{"line":300,"column":44},"end":{"line":300,"column":64}},{"start":{"line":300,"column":67},"end":{"line":300,"column":79}}]},"30":{"loc":{"start":{"line":300,"column":84},"end":{"line":300,"column":136}},"type":"cond-expr","locations":[{"start":{"line":300,"column":109},"end":{"line":300,"column":125}},{"start":{"line":300,"column":128},"end":{"line":300,"column":136}}]},"31":{"loc":{"start":{"line":301,"column":28},"end":{"line":301,"column":73}},"type":"cond-expr","locations":[{"start":{"line":301,"column":51},"end":{"line":301,"column":60}},{"start":{"line":301,"column":63},"end":{"line":301,"column":73}}]},"32":{"loc":{"start":{"line":302,"column":33},"end":{"line":302,"column":138}},"type":"cond-expr","locations":[{"start":{"line":302,"column":61},"end":{"line":302,"column":89}},{"start":{"line":302,"column":92},"end":{"line":302,"column":138}}]},"33":{"loc":{"start":{"line":303,"column":36},"end":{"line":303,"column":151}},"type":"cond-expr","locations":[{"start":{"line":303,"column":70},"end":{"line":303,"column":138}},{"start":{"line":303,"column":141},"end":{"line":303,"column":151}}]},"34":{"loc":{"start":{"line":304,"column":32},"end":{"line":304,"column":85}},"type":"cond-expr","locations":[{"start":{"line":304,"column":63},"end":{"line":304,"column":72}},{"start":{"line":304,"column":75},"end":{"line":304,"column":85}}]},"35":{"loc":{"start":{"line":305,"column":30},"end":{"line":305,"column":88}},"type":"cond-expr","locations":[{"start":{"line":305,"column":66},"end":{"line":305,"column":75}},{"start":{"line":305,"column":78},"end":{"line":305,"column":88}}]},"36":{"loc":{"start":{"line":306,"column":29},"end":{"line":306,"column":79}},"type":"cond-expr","locations":[{"start":{"line":306,"column":57},"end":{"line":306,"column":66}},{"start":{"line":306,"column":69},"end":{"line":306,"column":79}}]},"37":{"loc":{"start":{"line":308,"column":2},"end":{"line":310,"column":3}},"type":"if","locations":[{"start":{"line":308,"column":2},"end":{"line":310,"column":3}}]}},"s":{"0":2,"1":2,"2":2,"3":2,"4":2,"5":62,"6":62,"7":52,"8":10,"9":10,"10":42,"11":42,"12":40,"13":2,"14":22,"15":22,"16":22,"17":0,"18":0,"19":2,"20":0,"21":0,"22":0,"23":0,"24":0,"25":0,"26":0,"27":0,"28":0,"29":0,"30":0,"31":0,"32":0,"33":0,"34":0,"35":0,"36":0,"37":0,"38":0,"39":0,"40":0,"41":0,"42":0,"43":0,"44":0,"45":0,"46":2,"47":2,"48":2,"49":2,"50":2,"51":2,"52":2,"53":2,"54":2,"55":2,"56":2,"57":2,"58":2,"59":2},"f":{"0":62,"1":42,"2":22,"3":0,"4":0,"5":0},"b":{"0":[52],"1":[0,10],"2":[40],"3":[2,2],"4":[22],"5":[2,0],"6":[2,0],"7":[2,0],"8":[2,0],"9":[2,2],"10":[2,2],"11":[2,2],"12":[2,2],"13":[2,2],"14":[2,2],"15":[0,2],"16":[2,2],"17":[2,2],"18":[2,2],"19":[2,2,0],"20":[2,2],"21":[0],"22":[0],"23":[0],"24":[0,0],"25":[0],"26":[0],"27":[0,0],"28":[0,0],"29":[0,0],"30":[0,0],"31":[0,0],"32":[0,0],"33":[0,0],"34":[0,0],"35":[0,0],"36":[0,0],"37":[0]}}
,"/Users/alyshialedlie/code/ISPublicSites/tcad-scraper/server/src/config/swagger.ts": {"path":"/Users/alyshialedlie/code/ISPublicSites/tcad-scraper/server/src/config/swagger.ts","statementMap":{"0":{"start":{"line":7,"column":0},"end":{"line":7,"column":41}},"1":{"start":{"line":8,"column":0},"end":{"line":8,"column":33}},"2":{"start":{"line":10,"column":26},"end":{"line":241,"column":2}},"3":{"start":{"line":243,"column":38},"end":{"line":250,"column":2}},"4":{"start":{"line":252,"column":13},"end":{"line":252,"column":49}}},"fnMap":{},"branchMap":{},"s":{"0":0,"1":0,"2":0,"3":0,"4":0},"f":{},"b":{}}
,"/Users/alyshialedlie/code/ISPublicSites/tcad-scraper/server/src/controllers/property.controller.ts": {"path":"/Users/alyshialedlie/code/ISPublicSites/tcad-scraper/server/src/controllers/property.controller.ts","statementMap":{"0":{"start":{"line":2,"column":0},"end":{"line":2,"column":71}},"1":{"start":{"line":3,"column":0},"end":{"line":3,"column":55}},"2":{"start":{"line":5,"column":0},"end":{"line":5,"column":60}},"3":{"start":{"line":6,"column":0},"end":{"line":6,"column":58}},"4":{"start":{"line":20,"column":26},"end":{"line":20,"column":34}},"5":{"start":{"line":23,"column":24},"end":{"line":23,"column":70}},"6":{"start":{"line":24,"column":4},"end":{"line":28,"column":5}},"7":{"start":{"line":25,"column":6},"end":{"line":27,"column":9}},"8":{"start":{"line":31,"column":16},"end":{"line":34,"column":6}},"9":{"start":{"line":36,"column":37},"end":{"line":39,"column":6}},"10":{"start":{"line":41,"column":4},"end":{"line":41,"column":35}},"11":{"start":{"line":48,"column":22},"end":{"line":48,"column":32}},"12":{"start":{"line":50,"column":16},"end":{"line":50,"column":48}},"13":{"start":{"line":51,"column":4},"end":{"line":53,"column":5}},"14":{"start":{"line":52,"column":6},"end":{"line":52,"column":62}},"15":{"start":{"line":55,"column":18},"end":{"line":55,"column":38}},"16":{"start":{"line":56,"column":21},"end":{"line":56,"column":35}},"17":{"start":{"line":58,"column":17},"end":{"line":58,"column":21}},"18":{"start":{"line":59,"column":4},"end":{"line":61,"column":5}},"19":{"start":{"line":60,"column":6},"end":{"line":60,"column":31}},"20":{"start":{"line":63,"column":16},"end":{"line":63,"column":20}},"21":{"start":{"line":64,"column":4},"end":{"line":66,"column":5}},"22":{"start":{"line":65,"column":6},"end":{"line":65,"column":31}},"23":{"start":{"line":68,"column":4},"end":{"line":76,"column":7}},"24":{"start":{"line":84,"column":20},"end":{"line":84,"column":48}},"25":{"start":{"line":87,"column":21},"end":{"line":87,"column":65}},"26":{"start":{"line":90,"column":19},"end":{"line":116,"column":6}},"27":{"start":{"line":93,"column":22},"end":{"line":93,"column":52}},"28":{"start":{"line":95,"column":36},"end":{"line":103,"column":10}},"29":{"start":{"line":105,"column":8},"end":{"line":113,"column":10}},"30":{"start":{"line":118,"column":4},"end":{"line":118,"column":21}},"31":{"start":{"line":125,"column":22},"end":{"line":125,"column":44}},"32":{"start":{"line":126,"column":19},"end":{"line":126,"column":81}},"33":{"start":{"line":128,"column":4},"end":{"line":133,"column":7}},"34":{"start":{"line":140,"column":47},"end":{"line":140,"column":55}},"35":{"start":{"line":142,"column":4},"end":{"line":144,"column":5}},"36":{"start":{"line":143,"column":6},"end":{"line":143,"column":87}},"37":{"start":{"line":147,"column":50},"end":{"line":147,"column":108}},"38":{"start":{"line":150,"column":32},"end":{"line":158,"column":6}},"39":{"start":{"line":160,"column":4},"end":{"line":172,"column":7}},"40":{"start":{"line":179,"column":39},"end":{"line":179,"column":48}},"41":{"start":{"line":181,"column":17},"end":{"line":185,"column":6}},"42":{"start":{"line":187,"column":18},"end":{"line":187,"column":56}},"43":{"start":{"line":189,"column":4},"end":{"line":197,"column":7}},"44":{"start":{"line":205,"column":21},"end":{"line":205,"column":43}},"45":{"start":{"line":208,"column":18},"end":{"line":257,"column":6}},"46":{"start":{"line":211,"column":79},"end":{"line":246,"column":10}},"47":{"start":{"line":248,"column":8},"end":{"line":254,"column":10}},"48":{"start":{"line":259,"column":4},"end":{"line":259,"column":20}},"49":{"start":{"line":266,"column":48},"end":{"line":266,"column":56}},"50":{"start":{"line":268,"column":4},"end":{"line":270,"column":5}},"51":{"start":{"line":269,"column":6},"end":{"line":269,"column":72}},"52":{"start":{"line":272,"column":28},"end":{"line":276,"column":6}},"53":{"start":{"line":278,"column":4},"end":{"line":281,"column":7}},"54":{"start":{"line":288,"column":30},"end":{"line":291,"column":6}},"55":{"start":{"line":293,"column":4},"end":{"line":293,"column":42}},"56":{"start":{"line":300,"column":23},"end":{"line":300,"column":25}},"57":{"start":{"line":302,"column":4},"end":{"line":308,"column":5}},"58":{"start":{"line":303,"column":6},"end":{"line":307,"column":8}},"59":{"start":{"line":310,"column":4},"end":{"line":312,"column":5}},"60":{"start":{"line":311,"column":6},"end":{"line":311,"column":32}},"61":{"start":{"line":314,"column":4},"end":{"line":316,"column":5}},"62":{"start":{"line":315,"column":6},"end":{"line":315,"column":40}},"63":{"start":{"line":318,"column":4},"end":{"line":322,"column":5}},"64":{"start":{"line":319,"column":6},"end":{"line":319,"column":32}},"65":{"start":{"line":320,"column":6},"end":{"line":320,"column":72}},"66":{"start":{"line":320,"column":28},"end":{"line":320,"column":72}},"67":{"start":{"line":321,"column":6},"end":{"line":321,"column":72}},"68":{"start":{"line":321,"column":28},"end":{"line":321,"column":72}},"69":{"start":{"line":324,"column":4},"end":{"line":324,"column":17}},"70":{"start":{"line":15,"column":0},"end":{"line":15,"column":13}},"71":{"start":{"line":328,"column":13},"end":{"line":328,"column":59}}},"fnMap":{"0":{"name":"(anonymous_0)","decl":{"start":{"line":19,"column":2},"end":{"line":19,"column":7}},"loc":{"start":{"line":19,"column":79},"end":{"line":42,"column":3}}},"1":{"name":"(anonymous_1)","decl":{"start":{"line":47,"column":2},"end":{"line":47,"column":7}},"loc":{"start":{"line":47,"column":67},"end":{"line":77,"column":3}}},"2":{"name":"(anonymous_2)","decl":{"start":{"line":83,"column":2},"end":{"line":83,"column":7}},"loc":{"start":{"line":83,"column":78},"end":{"line":119,"column":3}}},"3":{"name":"(anonymous_3)","decl":{"start":{"line":92,"column":6},"end":{"line":92,"column":11}},"loc":{"start":{"line":92,"column":17},"end":{"line":114,"column":7}}},"4":{"name":"(anonymous_4)","decl":{"start":{"line":124,"column":2},"end":{"line":124,"column":7}},"loc":{"start":{"line":124,"column":56},"end":{"line":134,"column":3}}},"5":{"name":"(anonymous_5)","decl":{"start":{"line":139,"column":2},"end":{"line":139,"column":7}},"loc":{"start":{"line":139,"column":92},"end":{"line":173,"column":3}}},"6":{"name":"(anonymous_6)","decl":{"start":{"line":178,"column":2},"end":{"line":178,"column":7}},"loc":{"start":{"line":178,"column":84},"end":{"line":198,"column":3}}},"7":{"name":"(anonymous_7)","decl":{"start":{"line":204,"column":2},"end":{"line":204,"column":7}},"loc":{"start":{"line":204,"column":44},"end":{"line":260,"column":3}}},"8":{"name":"(anonymous_8)","decl":{"start":{"line":210,"column":6},"end":{"line":210,"column":11}},"loc":{"start":{"line":210,"column":17},"end":{"line":255,"column":7}}},"9":{"name":"(anonymous_9)","decl":{"start":{"line":265,"column":2},"end":{"line":265,"column":7}},"loc":{"start":{"line":265,"column":82},"end":{"line":282,"column":3}}},"10":{"name":"(anonymous_10)","decl":{"start":{"line":287,"column":2},"end":{"line":287,"column":7}},"loc":{"start":{"line":287,"column":56},"end":{"line":294,"column":3}}},"11":{"name":"(anonymous_11)","decl":{"start":{"line":299,"column":10},"end":{"line":299,"column":26}},"loc":{"start":{"line":299,"column":51},"end":{"line":325,"column":3}}}},"branchMap":{"0":{"loc":{"start":{"line":24,"column":4},"end":{"line":28,"column":5}},"type":"if","locations":[{"start":{"line":24,"column":4},"end":{"line":28,"column":5}}]},"1":{"loc":{"start":{"line":51,"column":4},"end":{"line":53,"column":5}},"type":"if","locations":[{"start":{"line":51,"column":4},"end":{"line":53,"column":5}}]},"2":{"loc":{"start":{"line":59,"column":4},"end":{"line":61,"column":5}},"type":"if","locations":[{"start":{"line":59,"column":4},"end":{"line":61,"column":5}}]},"3":{"loc":{"start":{"line":64,"column":4},"end":{"line":66,"column":5}},"type":"if","locations":[{"start":{"line":64,"column":4},"end":{"line":66,"column":5}}]},"4":{"loc":{"start":{"line":71,"column":16},"end":{"line":71,"column":59}},"type":"cond-expr","locations":[{"start":{"line":71,"column":47},"end":{"line":71,"column":55}},{"start":{"line":71,"column":58},"end":{"line":71,"column":59}}]},"5":{"loc":{"start":{"line":75,"column":19},"end":{"line":75,"column":67}},"type":"cond-expr","locations":[{"start":{"line":75,"column":36},"end":{"line":75,"column":60}},{"start":{"line":75,"column":63},"end":{"line":75,"column":67}}]},"6":{"loc":{"start":{"line":140,"column":19},"end":{"line":140,"column":30}},"type":"default-arg","locations":[{"start":{"line":140,"column":27},"end":{"line":140,"column":30}}]},"7":{"loc":{"start":{"line":140,"column":32},"end":{"line":140,"column":42}},"type":"default-arg","locations":[{"start":{"line":140,"column":41},"end":{"line":140,"column":42}}]},"8":{"loc":{"start":{"line":142,"column":4},"end":{"line":144,"column":5}},"type":"if","locations":[{"start":{"line":142,"column":4},"end":{"line":144,"column":5}}]},"9":{"loc":{"start":{"line":142,"column":8},"end":{"line":142,"column":43}},"type":"binary-expr","locations":[{"start":{"line":142,"column":8},"end":{"line":142,"column":14}},{"start":{"line":142,"column":18},"end":{"line":142,"column":43}}]},"10":{"loc":{"start":{"line":153,"column":17},"end":{"line":153,"column":49}},"type":"binary-expr","locations":[{"start":{"line":153,"column":17},"end":{"line":153,"column":24}},{"start":{"line":153,"column":28},"end":{"line":153,"column":49}}]},"11":{"loc":{"start":{"line":179,"column":12},"end":{"line":179,"column":22}},"type":"default-arg","locations":[{"start":{"line":179,"column":20},"end":{"line":179,"column":22}}]},"12":{"loc":{"start":{"line":179,"column":24},"end":{"line":179,"column":34}},"type":"default-arg","locations":[{"start":{"line":179,"column":33},"end":{"line":179,"column":34}}]},"13":{"loc":{"start":{"line":266,"column":24},"end":{"line":266,"column":43}},"type":"default-arg","locations":[{"start":{"line":266,"column":36},"end":{"line":266,"column":43}}]},"14":{"loc":{"start":{"line":268,"column":4},"end":{"line":270,"column":5}},"type":"if","locations":[{"start":{"line":268,"column":4},"end":{"line":270,"column":5}}]},"15":{"loc":{"start":{"line":302,"column":4},"end":{"line":308,"column":5}},"type":"if","locations":[{"start":{"line":302,"column":4},"end":{"line":308,"column":5}}]},"16":{"loc":{"start":{"line":310,"column":4},"end":{"line":312,"column":5}},"type":"if","locations":[{"start":{"line":310,"column":4},"end":{"line":312,"column":5}}]},"17":{"loc":{"start":{"line":314,"column":4},"end":{"line":316,"column":5}},"type":"if","locations":[{"start":{"line":314,"column":4},"end":{"line":316,"column":5}}]},"18":{"loc":{"start":{"line":318,"column":4},"end":{"line":322,"column":5}},"type":"if","locations":[{"start":{"line":318,"column":4},"end":{"line":322,"column":5}}]},"19":{"loc":{"start":{"line":318,"column":8},"end":{"line":318,"column":44}},"type":"binary-expr","locations":[{"start":{"line":318,"column":8},"end":{"line":318,"column":24}},{"start":{"line":318,"column":28},"end":{"line":318,"column":44}}]},"20":{"loc":{"start":{"line":320,"column":6},"end":{"line":320,"column":72}},"type":"if","locations":[{"start":{"line":320,"column":6},"end":{"line":320,"column":72}}]},"21":{"loc":{"start":{"line":321,"column":6},"end":{"line":321,"column":72}},"type":"if","locations":[{"start":{"line":321,"column":6},"end":{"line":321,"column":72}}]}},"s":{"0":2,"1":2,"2":2,"3":2,"4":2,"5":2,"6":2,"7":1,"8":1,"9":1,"10":1,"11":3,"12":3,"13":3,"14":1,"15":2,"16":2,"17":2,"18":2,"19":1,"20":2,"21":2,"22":1,"23":2,"24":3,"25":3,"26":3,"27":2,"28":2,"29":2,"30":3,"31":5,"32":5,"33":2,"34":19,"35":19,"36":2,"37":17,"38":16,"39":16,"40":1,"41":1,"42":1,"43":1,"44":2,"45":2,"46":1,"47":1,"48":2,"49":2,"50":2,"51":1,"52":1,"53":1,"54":1,"55":1,"56":2,"57":2,"58":1,"59":2,"60":1,"61":2,"62":1,"63":2,"64":1,"65":1,"66":1,"67":1,"68":1,"69":2,"70":2,"71":2},"f":{"0":2,"1":3,"2":3,"3":2,"4":5,"5":19,"6":1,"7":2,"8":1,"9":2,"10":1,"11":2},"b":{"0":[1],"1":[1],"2":[1],"3":[1],"4":[2,0],"5":[1,1],"6":[16],"7":[16],"8":[2],"9":[19,18],"10":[16,12],"11":[0],"12":[0],"13":[1],"14":[1],"15":[1],"16":[1],"17":[1],"18":[1],"19":[2,1],"20":[1],"21":[1]}}
,"/Users/alyshialedlie/code/ISPublicSites/tcad-scraper/server/src/lib/claude.service.ts": {"path":"/Users/alyshialedlie/code/ISPublicSites/tcad-scraper/server/src/lib/claude.service.ts","statementMap":{"0":{"start":{"line":1,"column":0},"end":{"line":1,"column":42}},"1":{"start":{"line":3,"column":0},"end":{"line":3,"column":30}},"2":{"start":{"line":4,"column":0},"end":{"line":4,"column":35}},"3":{"start":{"line":6,"column":18},"end":{"line":8,"column":2}},"4":{"start":{"line":18,"column":4},"end":{"line":148,"column":5}},"5":{"start":{"line":19,"column":22},"end":{"line":113,"column":8}},"6":{"start":{"line":115,"column":27},"end":{"line":115,"column":92}},"7":{"start":{"line":116,"column":6},"end":{"line":116,"column":56}},"8":{"start":{"line":119,"column":21},"end":{"line":119,"column":45}},"9":{"start":{"line":121,"column":6},"end":{"line":125,"column":8}},"10":{"start":{"line":128,"column":27},"end":{"line":132,"column":8}},"11":{"start":{"line":133,"column":6},"end":{"line":133,"column":86}},"12":{"start":{"line":134,"column":6},"end":{"line":134,"column":87}},"13":{"start":{"line":137,"column":6},"end":{"line":147,"column":8}},"14":{"start":{"line":16,"column":0},"end":{"line":16,"column":13}},"15":{"start":{"line":152,"column":13},"end":{"line":152,"column":61}}},"fnMap":{"0":{"name":"(anonymous_1)","decl":{"start":{"line":17,"column":2},"end":{"line":17,"column":7}},"loc":{"start":{"line":17,"column":47},"end":{"line":149,"column":3}}}},"branchMap":{"0":{"loc":{"start":{"line":115,"column":27},"end":{"line":115,"column":92}},"type":"cond-expr","locations":[{"start":{"line":115,"column":64},"end":{"line":115,"column":87}},{"start":{"line":115,"column":90},"end":{"line":115,"column":92}}]},"1":{"loc":{"start":{"line":122,"column":21},"end":{"line":122,"column":45}},"type":"binary-expr","locations":[{"start":{"line":122,"column":21},"end":{"line":122,"column":39}},{"start":{"line":122,"column":43},"end":{"line":122,"column":45}}]},"2":{"loc":{"start":{"line":124,"column":21},"end":{"line":124,"column":85}},"type":"binary-expr","locations":[{"start":{"line":124,"column":21},"end":{"line":124,"column":39}},{"start":{"line":124,"column":43},"end":{"line":124,"column":85}}]},"3":{"loc":{"start":{"line":129,"column":17},"end":{"line":129,"column":71}},"type":"cond-expr","locations":[{"start":{"line":129,"column":42},"end":{"line":129,"column":55}},{"start":{"line":129,"column":58},"end":{"line":129,"column":71}}]},"4":{"loc":{"start":{"line":130,"column":14},"end":{"line":130,"column":61}},"type":"cond-expr","locations":[{"start":{"line":130,"column":39},"end":{"line":130,"column":49}},{"start":{"line":130,"column":52},"end":{"line":130,"column":61}}]},"5":{"loc":{"start":{"line":131,"column":15},"end":{"line":131,"column":63}},"type":"cond-expr","locations":[{"start":{"line":131,"column":40},"end":{"line":131,"column":51}},{"start":{"line":131,"column":54},"end":{"line":131,"column":63}}]}},"s":{"0":2,"1":2,"2":2,"3":2,"4":26,"5":26,"6":22,"7":22,"8":22,"9":20,"10":6,"11":6,"12":6,"13":6,"14":2,"15":2},"f":{"0":26},"b":{"0":[22,0],"1":[20,1],"2":[20,1],"3":[6,0],"4":[6,0],"5":[6,0]}}
,"/Users/alyshialedlie/code/ISPublicSites/tcad-scraper/server/src/lib/logger.ts": {"path":"/Users/alyshialedlie/code/ISPublicSites/tcad-scraper/server/src/lib/logger.ts","statementMap":{"0":{"start":{"line":2,"column":0},"end":{"line":2,"column":24}},"1":{"start":{"line":4,"column":15},"end":{"line":14,"column":2}},"2":{"start":{"line":16,"column":0},"end":{"line":16,"column":22}}},"fnMap":{},"branchMap":{"0":{"loc":{"start":{"line":5,"column":9},"end":{"line":5,"column":40}},"type":"binary-expr","locations":[{"start":{"line":5,"column":9},"end":{"line":5,"column":30}},{"start":{"line":5,"column":34},"end":{"line":5,"column":40}}]}},"s":{"0":8,"1":8,"2":8},"f":{},"b":{"0":[8,0]}}
,"/Users/alyshialedlie/code/ISPublicSites/tcad-scraper/server/src/lib/metrics.service.ts": {"path":"/Users/alyshialedlie/code/ISPublicSites/tcad-scraper/server/src/lib/metrics.service.ts","statementMap":{"0":{"start":{"line":402,"column":0},"end":{"line":402,"column":7}},"1":{"start":{"line":409,"column":0},"end":{"line":409,"column":16}},"2":{"start":{"line":416,"column":0},"end":{"line":416,"column":16}},"3":{"start":{"line":424,"column":0},"end":{"line":424,"column":7}},"4":{"start":{"line":442,"column":0},"end":{"line":442,"column":16}},"5":{"start":{"line":457,"column":0},"end":{"line":457,"column":16}},"6":{"start":{"line":470,"column":0},"end":{"line":470,"column":16}},"7":{"start":{"line":486,"column":0},"end":{"line":486,"column":16}},"8":{"start":{"line":499,"column":0},"end":{"line":499,"column":16}},"9":{"start":{"line":509,"column":0},"end":{"line":509,"column":16}},"10":{"start":{"line":532,"column":0},"end":{"line":532,"column":16}},"11":{"start":{"line":7,"column":0},"end":{"line":7,"column":89}},"12":{"start":{"line":8,"column":0},"end":{"line":8,"column":30}},"13":{"start":{"line":11,"column":17},"end":{"line":11,"column":31}},"14":{"start":{"line":14,"column":0},"end":{"line":17,"column":3}},"15":{"start":{"line":27,"column":13},"end":{"line":32,"column":3}},"16":{"start":{"line":38,"column":13},"end":{"line":44,"column":3}},"17":{"start":{"line":54,"column":13},"end":{"line":59,"column":3}},"18":{"start":{"line":65,"column":13},"end":{"line":71,"column":3}},"19":{"start":{"line":77,"column":13},"end":{"line":82,"column":3}},"20":{"start":{"line":88,"column":13},"end":{"line":92,"column":3}},"21":{"start":{"line":102,"column":13},"end":{"line":107,"column":3}},"22":{"start":{"line":113,"column":13},"end":{"line":118,"column":3}},"23":{"start":{"line":128,"column":13},"end":{"line":134,"column":3}},"24":{"start":{"line":140,"column":13},"end":{"line":144,"column":3}},"25":{"start":{"line":150,"column":13},"end":{"line":155,"column":3}},"26":{"start":{"line":165,"column":13},"end":{"line":170,"column":3}},"27":{"start":{"line":176,"column":13},"end":{"line":180,"column":3}},"28":{"start":{"line":186,"column":13},"end":{"line":190,"column":3}},"29":{"start":{"line":200,"column":13},"end":{"line":205,"column":3}},"30":{"start":{"line":211,"column":13},"end":{"line":216,"column":3}},"31":{"start":{"line":222,"column":13},"end":{"line":228,"column":3}},"32":{"start":{"line":238,"column":13},"end":{"line":243,"column":3}},"33":{"start":{"line":249,"column":13},"end":{"line":253,"column":3}},"34":{"start":{"line":263,"column":13},"end":{"line":268,"column":3}},"35":{"start":{"line":278,"column":13},"end":{"line":282,"column":3}},"36":{"start":{"line":288,"column":13},"end":{"line":292,"column":3}},"37":{"start":{"line":298,"column":13},"end":{"line":302,"column":3}},"38":{"start":{"line":308,"column":13},"end":{"line":312,"column":3}},"39":{"start":{"line":318,"column":13},"end":{"line":322,"column":3}},"40":{"start":{"line":328,"column":13},"end":{"line":332,"column":3}},"41":{"start":{"line":338,"column":13},"end":{"line":342,"column":3}},"42":{"start":{"line":348,"column":13},"end":{"line":352,"column":3}},"43":{"start":{"line":358,"column":13},"end":{"line":362,"column":3}},"44":{"start":{"line":368,"column":13},"end":{"line":373,"column":3}},"45":{"start":{"line":379,"column":13},"end":{"line":383,"column":3}},"46":{"start":{"line":389,"column":13},"end":{"line":393,"column":3}},"47":{"start":{"line":403,"column":2},"end":{"line":403,"column":28}},"48":{"start":{"line":410,"column":2},"end":{"line":410,"column":18}},"49":{"start":{"line":417,"column":2},"end":{"line":417,"column":26}},"50":{"start":{"line":430,"column":2},"end":{"line":430,"column":48}},"51":{"start":{"line":431,"column":2},"end":{"line":431,"column":46}},"52":{"start":{"line":432,"column":2},"end":{"line":432,"column":52}},"53":{"start":{"line":433,"column":2},"end":{"line":433,"column":46}},"54":{"start":{"line":435,"column":2},"end":{"line":435,"column":31}},"55":{"start":{"line":447,"column":16},"end":{"line":447,"column":29}},"56":{"start":{"line":448,"column":18},"end":{"line":448,"column":54}},"57":{"start":{"line":450,"column":2},"end":{"line":450,"column":28}},"58":{"start":{"line":451,"column":2},"end":{"line":451,"column":22}},"59":{"start":{"line":463,"column":2},"end":{"line":463,"column":68}},"60":{"start":{"line":464,"column":2},"end":{"line":464,"column":91}},"61":{"start":{"line":475,"column":2},"end":{"line":475,"column":34}},"62":{"start":{"line":476,"column":2},"end":{"line":476,"column":57}},"63":{"start":{"line":478,"column":2},"end":{"line":480,"column":3}},"64":{"start":{"line":479,"column":4},"end":{"line":479,"column":52}},"65":{"start":{"line":492,"column":2},"end":{"line":492,"column":51}},"66":{"start":{"line":493,"column":2},"end":{"line":493,"column":65}},"67":{"start":{"line":503,"column":2},"end":{"line":503,"column":45}},"68":{"start":{"line":510,"column":2},"end":{"line":510,"column":36}},"69":{"start":{"line":533,"column":2},"end":{"line":533,"column":54}},"70":{"start":{"line":534,"column":2},"end":{"line":534,"column":57}},"71":{"start":{"line":535,"column":2},"end":{"line":535,"column":51}},"72":{"start":{"line":536,"column":2},"end":{"line":536,"column":49}},"73":{"start":{"line":537,"column":2},"end":{"line":537,"column":55}},"74":{"start":{"line":538,"column":2},"end":{"line":538,"column":51}},"75":{"start":{"line":539,"column":2},"end":{"line":539,"column":59}},"76":{"start":{"line":540,"column":2},"end":{"line":540,"column":55}},"77":{"start":{"line":541,"column":2},"end":{"line":541,"column":63}},"78":{"start":{"line":544,"column":2},"end":{"line":551,"column":3}},"79":{"start":{"line":546,"column":4},"end":{"line":546,"column":36}},"80":{"start":{"line":548,"column":4},"end":{"line":550,"column":7}},"81":{"start":{"line":549,"column":6},"end":{"line":549,"column":51}},"82":{"start":{"line":554,"column":2},"end":{"line":556,"column":3}},"83":{"start":{"line":555,"column":4},"end":{"line":555,"column":68}},"84":{"start":{"line":558,"column":2},"end":{"line":560,"column":3}},"85":{"start":{"line":559,"column":4},"end":{"line":559,"column":69}},"86":{"start":{"line":563,"column":0},"end":{"line":563,"column":54}},"87":{"start":{"line":565,"column":0},"end":{"line":610,"column":2}}},"fnMap":{"0":{"name":"getMetrics","decl":{"start":{"line":402,"column":22},"end":{"line":402,"column":32}},"loc":{"start":{"line":402,"column":32},"end":{"line":404,"column":1}}},"1":{"name":"getRegistry","decl":{"start":{"line":409,"column":16},"end":{"line":409,"column":27}},"loc":{"start":{"line":409,"column":27},"end":{"line":411,"column":1}}},"2":{"name":"resetMetrics","decl":{"start":{"line":416,"column":16},"end":{"line":416,"column":28}},"loc":{"start":{"line":416,"column":28},"end":{"line":418,"column":1}}},"3":{"name":"updateQueueMetrics","decl":{"start":{"line":424,"column":22},"end":{"line":424,"column":40}},"loc":{"start":{"line":428,"column":16},"end":{"line":436,"column":1}}},"4":{"name":"updateCacheMetrics","decl":{"start":{"line":442,"column":16},"end":{"line":442,"column":34}},"loc":{"start":{"line":445,"column":14},"end":{"line":452,"column":1}}},"5":{"name":"recordHttpRequest","decl":{"start":{"line":457,"column":16},"end":{"line":457,"column":33}},"loc":{"start":{"line":461,"column":25},"end":{"line":465,"column":1}}},"6":{"name":"recordScrapeJob","decl":{"start":{"line":470,"column":16},"end":{"line":470,"column":31}},"loc":{"start":{"line":473,"column":26},"end":{"line":481,"column":1}}},"7":{"name":"recordDbQuery","decl":{"start":{"line":486,"column":16},"end":{"line":486,"column":29}},"loc":{"start":{"line":490,"column":25},"end":{"line":494,"column":1}}},"8":{"name":"recordCacheOperation","decl":{"start":{"line":499,"column":16},"end":{"line":499,"column":36}},"loc":{"start":{"line":501,"column":46},"end":{"line":504,"column":1}}},"9":{"name":"recordError","decl":{"start":{"line":509,"column":16},"end":{"line":509,"column":27}},"loc":{"start":{"line":509,"column":56},"end":{"line":511,"column":1}}},"10":{"name":"updateCodeComplexityMetrics","decl":{"start":{"line":532,"column":16},"end":{"line":532,"column":43}},"loc":{"start":{"line":532,"column":74},"end":{"line":561,"column":1}}},"11":{"name":"(anonymous_12)","decl":{"start":{"line":548,"column":32},"end":{"line":548,"column":33}},"loc":{"start":{"line":548,"column":52},"end":{"line":550,"column":5}}}},"branchMap":{"0":{"loc":{"start":{"line":448,"column":18},"end":{"line":448,"column":54}},"type":"cond-expr","locations":[{"start":{"line":448,"column":30},"end":{"line":448,"column":50}},{"start":{"line":448,"column":53},"end":{"line":448,"column":54}}]},"1":{"loc":{"start":{"line":478,"column":2},"end":{"line":480,"column":3}},"type":"if","locations":[{"start":{"line":478,"column":2},"end":{"line":480,"column":3}}]},"2":{"loc":{"start":{"line":478,"column":6},"end":{"line":478,"column":61}},"type":"binary-expr","locations":[{"start":{"line":478,"column":6},"end":{"line":478,"column":35}},{"start":{"line":478,"column":39},"end":{"line":478,"column":61}}]},"3":{"loc":{"start":{"line":544,"column":2},"end":{"line":551,"column":3}},"type":"if","locations":[{"start":{"line":544,"column":2},"end":{"line":551,"column":3}}]},"4":{"loc":{"start":{"line":554,"column":2},"end":{"line":556,"column":3}},"type":"if","locations":[{"start":{"line":554,"column":2},"end":{"line":556,"column":3}}]},"5":{"loc":{"start":{"line":558,"column":2},"end":{"line":560,"column":3}},"type":"if","locations":[{"start":{"line":558,"column":2},"end":{"line":560,"column":3}}]}},"s":{"0":1,"1":1,"2":1,"3":1,"4":1,"5":1,"6":1,"7":1,"8":1,"9":1,"10":1,"11":1,"12":1,"13":1,"14":1,"15":1,"16":1,"17":1,"18":1,"19":1,"20":1,"21":1,"22":1,"23":1,"24":1,"25":1,"26":1,"27":1,"28":1,"29":1,"30":1,"31":1,"32":1,"33":1,"34":1,"35":1,"36":1,"37":1,"38":1,"39":1,"40":1,"41":1,"42":1,"43":1,"44":1,"45":1,"46":1,"47":33,"48":1,"49":39,"50":3,"51":3,"52":3,"53":3,"54":3,"55":3,"56":3,"57":3,"58":3,"59":20,"60":20,"61":16,"62":16,"63":16,"64":14,"65":7,"66":7,"67":5,"68":4,"69":3,"70":3,"71":3,"72":3,"73":3,"74":3,"75":3,"76":3,"77":3,"78":3,"79":1,"80":1,"81":2,"82":3,"83":1,"84":3,"85":1,"86":1,"87":1},"f":{"0":33,"1":1,"2":39,"3":3,"4":3,"5":20,"6":16,"7":7,"8":5,"9":4,"10":3,"11":2},"b":{"0":[2,1],"1":[14],"2":[16,14],"3":[1],"4":[1],"5":[1]}}
,"/Users/alyshialedlie/code/ISPublicSites/tcad-scraper/server/src/lib/prisma.ts": {"path":"/Users/alyshialedlie/code/ISPublicSites/tcad-scraper/server/src/lib/prisma.ts","statementMap":{"0":{"start":{"line":1,"column":0},"end":{"line":1,"column":46}},"1":{"start":{"line":8,"column":20},"end":{"line":10,"column":2}},"2":{"start":{"line":12,"column":0},"end":{"line":14,"column":1}},"3":{"start":{"line":13,"column":2},"end":{"line":13,"column":30}},"4":{"start":{"line":16,"column":19},"end":{"line":23,"column":2}},"5":{"start":{"line":25,"column":0},"end":{"line":27,"column":1}},"6":{"start":{"line":26,"column":2},"end":{"line":26,"column":37}},"7":{"start":{"line":29,"column":13},"end":{"line":29,"column":34}},"8":{"start":{"line":30,"column":13},"end":{"line":30,"column":41}}},"fnMap":{},"branchMap":{"0":{"loc":{"start":{"line":8,"column":20},"end":{"line":10,"column":2}},"type":"binary-expr","locations":[{"start":{"line":8,"column":20},"end":{"line":8,"column":33}},{"start":{"line":8,"column":37},"end":{"line":10,"column":2}}]},"1":{"loc":{"start":{"line":9,"column":7},"end":{"line":9,"column":86}},"type":"cond-expr","locations":[{"start":{"line":9,"column":48},"end":{"line":9,"column":74}},{"start":{"line":9,"column":77},"end":{"line":9,"column":86}}]},"2":{"loc":{"start":{"line":12,"column":0},"end":{"line":14,"column":1}},"type":"if","locations":[{"start":{"line":12,"column":0},"end":{"line":14,"column":1}}]},"3":{"loc":{"start":{"line":16,"column":19},"end":{"line":23,"column":2}},"type":"binary-expr","locations":[{"start":{"line":16,"column":19},"end":{"line":16,"column":40}},{"start":{"line":16,"column":44},"end":{"line":23,"column":2}}]},"4":{"loc":{"start":{"line":19,"column":11},"end":{"line":19,"column":73}},"type":"binary-expr","locations":[{"start":{"line":19,"column":11},"end":{"line":19,"column":45}},{"start":{"line":19,"column":49},"end":{"line":19,"column":73}}]},"5":{"loc":{"start":{"line":22,"column":7},"end":{"line":22,"column":86}},"type":"cond-expr","locations":[{"start":{"line":22,"column":48},"end":{"line":22,"column":74}},{"start":{"line":22,"column":77},"end":{"line":22,"column":86}}]},"6":{"loc":{"start":{"line":25,"column":0},"end":{"line":27,"column":1}},"type":"if","locations":[{"start":{"line":25,"column":0},"end":{"line":27,"column":1}}]}},"s":{"0":0,"1":0,"2":0,"3":0,"4":0,"5":0,"6":0,"7":0,"8":0},"f":{},"b":{"0":[0,0],"1":[0,0],"2":[0],"3":[0,0],"4":[0,0],"5":[0,0],"6":[0]}}
,"/Users/alyshialedlie/code/ISPublicSites/tcad-scraper/server/src/lib/redis-cache.service.ts": {"path":"/Users/alyshialedlie/code/ISPublicSites/tcad-scraper/server/src/lib/redis-cache.service.ts","statementMap":{"0":{"start":{"line":11,"column":0},"end":{"line":11,"column":54}},"1":{"start":{"line":12,"column":0},"end":{"line":12,"column":30}},"2":{"start":{"line":13,"column":0},"end":{"line":13,"column":35}},"3":{"start":{"line":15,"column":15},"end":{"line":29,"column":2}},"4":{"start":{"line":32,"column":43},"end":{"line":32,"column":47}},"5":{"start":{"line":33,"column":33},"end":{"line":33,"column":38}},"6":{"start":{"line":34,"column":18},"end":{"line":40,"column":4}},"7":{"start":{"line":46,"column":4},"end":{"line":49,"column":5}},"8":{"start":{"line":47,"column":6},"end":{"line":47,"column":51}},"9":{"start":{"line":48,"column":6},"end":{"line":48,"column":13}},"10":{"start":{"line":51,"column":4},"end":{"line":88,"column":5}},"11":{"start":{"line":52,"column":6},"end":{"line":60,"column":9}},"12":{"start":{"line":62,"column":6},"end":{"line":65,"column":9}},"13":{"start":{"line":63,"column":8},"end":{"line":63,"column":48}},"14":{"start":{"line":64,"column":8},"end":{"line":64,"column":28}},"15":{"start":{"line":67,"column":6},"end":{"line":69,"column":9}},"16":{"start":{"line":68,"column":8},"end":{"line":68,"column":49}},"17":{"start":{"line":71,"column":6},"end":{"line":74,"column":9}},"18":{"start":{"line":72,"column":8},"end":{"line":72,"column":41}},"19":{"start":{"line":73,"column":8},"end":{"line":73,"column":32}},"20":{"start":{"line":76,"column":6},"end":{"line":79,"column":9}},"21":{"start":{"line":77,"column":8},"end":{"line":77,"column":53}},"22":{"start":{"line":78,"column":8},"end":{"line":78,"column":33}},"23":{"start":{"line":81,"column":6},"end":{"line":81,"column":34}},"24":{"start":{"line":82,"column":6},"end":{"line":82,"column":53}},"25":{"start":{"line":85,"column":6},"end":{"line":85,"column":63}},"26":{"start":{"line":86,"column":6},"end":{"line":86,"column":26}},"27":{"start":{"line":87,"column":6},"end":{"line":87,"column":18}},"28":{"start":{"line":95,"column":4},"end":{"line":98,"column":5}},"29":{"start":{"line":96,"column":6},"end":{"line":96,"column":61}},"30":{"start":{"line":97,"column":6},"end":{"line":97,"column":18}},"31":{"start":{"line":100,"column":4},"end":{"line":117,"column":5}},"32":{"start":{"line":101,"column":20},"end":{"line":101,"column":46}},"33":{"start":{"line":103,"column":6},"end":{"line":107,"column":7}},"34":{"start":{"line":104,"column":8},"end":{"line":104,"column":28}},"35":{"start":{"line":105,"column":8},"end":{"line":105,"column":43}},"36":{"start":{"line":106,"column":8},"end":{"line":106,"column":20}},"37":{"start":{"line":109,"column":6},"end":{"line":109,"column":24}},"38":{"start":{"line":110,"column":6},"end":{"line":110,"column":40}},"39":{"start":{"line":111,"column":6},"end":{"line":111,"column":36}},"40":{"start":{"line":114,"column":6},"end":{"line":114,"column":61}},"41":{"start":{"line":115,"column":6},"end":{"line":115,"column":26}},"42":{"start":{"line":116,"column":6},"end":{"line":116,"column":18}},"43":{"start":{"line":127,"column":4},"end":{"line":130,"column":5}},"44":{"start":{"line":128,"column":6},"end":{"line":128,"column":61}},"45":{"start":{"line":129,"column":6},"end":{"line":129,"column":19}},"46":{"start":{"line":132,"column":4},"end":{"line":144,"column":5}},"47":{"start":{"line":133,"column":25},"end":{"line":133,"column":46}},"48":{"start":{"line":134,"column":6},"end":{"line":134,"column":59}},"49":{"start":{"line":136,"column":6},"end":{"line":136,"column":24}},"50":{"start":{"line":137,"column":6},"end":{"line":137,"column":62}},"51":{"start":{"line":138,"column":6},"end":{"line":138,"column":18}},"52":{"start":{"line":141,"column":6},"end":{"line":141,"column":61}},"53":{"start":{"line":142,"column":6},"end":{"line":142,"column":26}},"54":{"start":{"line":143,"column":6},"end":{"line":143,"column":19}},"55":{"start":{"line":151,"column":4},"end":{"line":154,"column":5}},"56":{"start":{"line":152,"column":6},"end":{"line":152,"column":64}},"57":{"start":{"line":153,"column":6},"end":{"line":153,"column":19}},"58":{"start":{"line":156,"column":4},"end":{"line":167,"column":5}},"59":{"start":{"line":157,"column":21},"end":{"line":157,"column":47}},"60":{"start":{"line":159,"column":6},"end":{"line":159,"column":27}},"61":{"start":{"line":160,"column":6},"end":{"line":160,"column":43}},"62":{"start":{"line":161,"column":6},"end":{"line":161,"column":24}},"63":{"start":{"line":164,"column":6},"end":{"line":164,"column":64}},"64":{"start":{"line":165,"column":6},"end":{"line":165,"column":26}},"65":{"start":{"line":166,"column":6},"end":{"line":166,"column":19}},"66":{"start":{"line":175,"column":4},"end":{"line":178,"column":5}},"67":{"start":{"line":176,"column":6},"end":{"line":176,"column":72}},"68":{"start":{"line":177,"column":6},"end":{"line":177,"column":15}},"69":{"start":{"line":180,"column":4},"end":{"line":197,"column":5}},"70":{"start":{"line":181,"column":19},"end":{"line":181,"column":50}},"71":{"start":{"line":183,"column":6},"end":{"line":185,"column":7}},"72":{"start":{"line":184,"column":8},"end":{"line":184,"column":17}},"73":{"start":{"line":187,"column":21},"end":{"line":187,"column":48}},"74":{"start":{"line":189,"column":6},"end":{"line":189,"column":35}},"75":{"start":{"line":190,"column":6},"end":{"line":190,"column":79}},"76":{"start":{"line":191,"column":6},"end":{"line":191,"column":20}},"77":{"start":{"line":194,"column":6},"end":{"line":194,"column":72}},"78":{"start":{"line":195,"column":6},"end":{"line":195,"column":26}},"79":{"start":{"line":196,"column":6},"end":{"line":196,"column":15}},"80":{"start":{"line":204,"column":4},"end":{"line":206,"column":5}},"81":{"start":{"line":205,"column":6},"end":{"line":205,"column":19}},"82":{"start":{"line":208,"column":4},"end":{"line":214,"column":5}},"83":{"start":{"line":209,"column":21},"end":{"line":209,"column":50}},"84":{"start":{"line":210,"column":6},"end":{"line":210,"column":26}},"85":{"start":{"line":212,"column":6},"end":{"line":212,"column":64}},"86":{"start":{"line":213,"column":6},"end":{"line":213,"column":19}},"87":{"start":{"line":221,"column":4},"end":{"line":223,"column":5}},"88":{"start":{"line":222,"column":6},"end":{"line":222,"column":16}},"89":{"start":{"line":225,"column":4},"end":{"line":230,"column":5}},"90":{"start":{"line":226,"column":6},"end":{"line":226,"column":40}},"91":{"start":{"line":228,"column":6},"end":{"line":228,"column":61}},"92":{"start":{"line":229,"column":6},"end":{"line":229,"column":16}},"93":{"start":{"line":237,"column":4},"end":{"line":240,"column":5}},"94":{"start":{"line":238,"column":6},"end":{"line":238,"column":63}},"95":{"start":{"line":239,"column":6},"end":{"line":239,"column":19}},"96":{"start":{"line":242,"column":4},"end":{"line":250,"column":5}},"97":{"start":{"line":243,"column":6},"end":{"line":243,"column":34}},"98":{"start":{"line":244,"column":6},"end":{"line":244,"column":35}},"99":{"start":{"line":245,"column":6},"end":{"line":245,"column":18}},"100":{"start":{"line":247,"column":6},"end":{"line":247,"column":48}},"101":{"start":{"line":248,"column":6},"end":{"line":248,"column":26}},"102":{"start":{"line":249,"column":6},"end":{"line":249,"column":19}},"103":{"start":{"line":257,"column":26},"end":{"line":257,"column":61}},"104":{"start":{"line":258,"column":20},"end":{"line":260,"column":12}},"105":{"start":{"line":262,"column":4},"end":{"line":267,"column":6}},"106":{"start":{"line":274,"column":4},"end":{"line":280,"column":6}},"107":{"start":{"line":281,"column":4},"end":{"line":281,"column":42}},"108":{"start":{"line":288,"column":4},"end":{"line":292,"column":5}},"109":{"start":{"line":289,"column":6},"end":{"line":289,"column":31}},"110":{"start":{"line":290,"column":6},"end":{"line":290,"column":31}},"111":{"start":{"line":291,"column":6},"end":{"line":291,"column":46}},"112":{"start":{"line":309,"column":19},"end":{"line":309,"column":41}},"113":{"start":{"line":310,"column":4},"end":{"line":312,"column":5}},"114":{"start":{"line":311,"column":6},"end":{"line":311,"column":20}},"115":{"start":{"line":315,"column":17},"end":{"line":315,"column":32}},"116":{"start":{"line":318,"column":4},"end":{"line":318,"column":42}},"117":{"start":{"line":320,"column":4},"end":{"line":320,"column":16}},"118":{"start":{"line":327,"column":4},"end":{"line":329,"column":5}},"119":{"start":{"line":328,"column":6},"end":{"line":328,"column":19}},"120":{"start":{"line":331,"column":4},"end":{"line":337,"column":5}},"121":{"start":{"line":332,"column":21},"end":{"line":332,"column":45}},"122":{"start":{"line":333,"column":6},"end":{"line":333,"column":31}},"123":{"start":{"line":335,"column":6},"end":{"line":335,"column":56}},"124":{"start":{"line":336,"column":6},"end":{"line":336,"column":19}},"125":{"start":{"line":31,"column":0},"end":{"line":31,"column":13}},"126":{"start":{"line":342,"column":13},"end":{"line":342,"column":52}},"127":{"start":{"line":345,"column":0},"end":{"line":347,"column":3}},"128":{"start":{"line":346,"column":2},"end":{"line":346,"column":70}},"129":{"start":{"line":350,"column":0},"end":{"line":353,"column":3}},"130":{"start":{"line":351,"column":2},"end":{"line":351,"column":69}},"131":{"start":{"line":352,"column":2},"end":{"line":352,"column":34}},"132":{"start":{"line":355,"column":0},"end":{"line":358,"column":3}},"133":{"start":{"line":356,"column":2},"end":{"line":356,"column":68}},"134":{"start":{"line":357,"column":2},"end":{"line":357,"column":34}}},"fnMap":{"0":{"name":"(anonymous_1)","decl":{"start":{"line":45,"column":2},"end":{"line":45,"column":7}},"loc":{"start":{"line":45,"column":15},"end":{"line":89,"column":3}}},"1":{"name":"(anonymous_2)","decl":{"start":{"line":62,"column":30},"end":{"line":62,"column":31}},"loc":{"start":{"line":62,"column":38},"end":{"line":65,"column":7}}},"2":{"name":"(anonymous_3)","decl":{"start":{"line":67,"column":32},"end":{"line":67,"column":35}},"loc":{"start":{"line":67,"column":37},"end":{"line":69,"column":7}}},"3":{"name":"(anonymous_4)","decl":{"start":{"line":71,"column":30},"end":{"line":71,"column":33}},"loc":{"start":{"line":71,"column":35},"end":{"line":74,"column":7}}},"4":{"name":"(anonymous_5)","decl":{"start":{"line":76,"column":28},"end":{"line":76,"column":31}},"loc":{"start":{"line":76,"column":33},"end":{"line":79,"column":7}}},"5":{"name":"(anonymous_6)","decl":{"start":{"line":94,"column":2},"end":{"line":94,"column":7}},"loc":{"start":{"line":94,"column":26},"end":{"line":118,"column":3}}},"6":{"name":"(anonymous_7)","decl":{"start":{"line":126,"column":2},"end":{"line":126,"column":7}},"loc":{"start":{"line":126,"column":61},"end":{"line":145,"column":3}}},"7":{"name":"(anonymous_8)","decl":{"start":{"line":150,"column":2},"end":{"line":150,"column":7}},"loc":{"start":{"line":150,"column":26},"end":{"line":168,"column":3}}},"8":{"name":"(anonymous_9)","decl":{"start":{"line":174,"column":2},"end":{"line":174,"column":7}},"loc":{"start":{"line":174,"column":37},"end":{"line":198,"column":3}}},"9":{"name":"(anonymous_10)","decl":{"start":{"line":203,"column":2},"end":{"line":203,"column":7}},"loc":{"start":{"line":203,"column":26},"end":{"line":215,"column":3}}},"10":{"name":"(anonymous_11)","decl":{"start":{"line":220,"column":2},"end":{"line":220,"column":7}},"loc":{"start":{"line":220,"column":23},"end":{"line":231,"column":3}}},"11":{"name":"(anonymous_12)","decl":{"start":{"line":236,"column":2},"end":{"line":236,"column":7}},"loc":{"start":{"line":236,"column":13},"end":{"line":251,"column":3}}},"12":{"name":"(anonymous_13)","decl":{"start":{"line":256,"column":2},"end":{"line":256,"column":10}},"loc":{"start":{"line":256,"column":10},"end":{"line":268,"column":3}}},"13":{"name":"(anonymous_14)","decl":{"start":{"line":273,"column":2},"end":{"line":273,"column":12}},"loc":{"start":{"line":273,"column":12},"end":{"line":282,"column":3}}},"14":{"name":"(anonymous_15)","decl":{"start":{"line":287,"column":2},"end":{"line":287,"column":7}},"loc":{"start":{"line":287,"column":18},"end":{"line":293,"column":3}}},"15":{"name":"(anonymous_16)","decl":{"start":{"line":303,"column":2},"end":{"line":303,"column":7}},"loc":{"start":{"line":306,"column":28},"end":{"line":321,"column":3}}},"16":{"name":"(anonymous_17)","decl":{"start":{"line":326,"column":2},"end":{"line":326,"column":7}},"loc":{"start":{"line":326,"column":19},"end":{"line":338,"column":3}}},"17":{"name":"(anonymous_18)","decl":{"start":{"line":345,"column":29},"end":{"line":345,"column":30}},"loc":{"start":{"line":345,"column":39},"end":{"line":347,"column":1}}},"18":{"name":"(anonymous_19)","decl":{"start":{"line":350,"column":22},"end":{"line":350,"column":27}},"loc":{"start":{"line":350,"column":33},"end":{"line":353,"column":1}}},"19":{"name":"(anonymous_20)","decl":{"start":{"line":355,"column":21},"end":{"line":355,"column":26}},"loc":{"start":{"line":355,"column":32},"end":{"line":358,"column":1}}}},"branchMap":{"0":{"loc":{"start":{"line":16,"column":9},"end":{"line":16,"column":39}},"type":"binary-expr","locations":[{"start":{"line":16,"column":9},"end":{"line":16,"column":29}},{"start":{"line":16,"column":33},"end":{"line":16,"column":39}}]},"1":{"loc":{"start":{"line":46,"column":4},"end":{"line":49,"column":5}},"type":"if","locations":[{"start":{"line":46,"column":4},"end":{"line":49,"column":5}}]},"2":{"loc":{"start":{"line":95,"column":4},"end":{"line":98,"column":5}},"type":"if","locations":[{"start":{"line":95,"column":4},"end":{"line":98,"column":5}}]},"3":{"loc":{"start":{"line":95,"column":8},"end":{"line":95,"column":41}},"type":"binary-expr","locations":[{"start":{"line":95,"column":8},"end":{"line":95,"column":20}},{"start":{"line":95,"column":24},"end":{"line":95,"column":41}}]},"4":{"loc":{"start":{"line":103,"column":6},"end":{"line":107,"column":7}},"type":"if","locations":[{"start":{"line":103,"column":6},"end":{"line":107,"column":7}}]},"5":{"loc":{"start":{"line":126,"column":37},"end":{"line":126,"column":61}},"type":"default-arg","locations":[{"start":{"line":126,"column":58},"end":{"line":126,"column":61}}]},"6":{"loc":{"start":{"line":127,"column":4},"end":{"line":130,"column":5}},"type":"if","locations":[{"start":{"line":127,"column":4},"end":{"line":130,"column":5}}]},"7":{"loc":{"start":{"line":127,"column":8},"end":{"line":127,"column":41}},"type":"binary-expr","locations":[{"start":{"line":127,"column":8},"end":{"line":127,"column":20}},{"start":{"line":127,"column":24},"end":{"line":127,"column":41}}]},"8":{"loc":{"start":{"line":151,"column":4},"end":{"line":154,"column":5}},"type":"if","locations":[{"start":{"line":151,"column":4},"end":{"line":154,"column":5}}]},"9":{"loc":{"start":{"line":151,"column":8},"end":{"line":151,"column":41}},"type":"binary-expr","locations":[{"start":{"line":151,"column":8},"end":{"line":151,"column":20}},{"start":{"line":151,"column":24},"end":{"line":151,"column":41}}]},"10":{"loc":{"start":{"line":175,"column":4},"end":{"line":178,"column":5}},"type":"if","locations":[{"start":{"line":175,"column":4},"end":{"line":178,"column":5}}]},"11":{"loc":{"start":{"line":175,"column":8},"end":{"line":175,"column":41}},"type":"binary-expr","locations":[{"start":{"line":175,"column":8},"end":{"line":175,"column":20}},{"start":{"line":175,"column":24},"end":{"line":175,"column":41}}]},"12":{"loc":{"start":{"line":183,"column":6},"end":{"line":185,"column":7}},"type":"if","locations":[{"start":{"line":183,"column":6},"end":{"line":185,"column":7}}]},"13":{"loc":{"start":{"line":204,"column":4},"end":{"line":206,"column":5}},"type":"if","locations":[{"start":{"line":204,"column":4},"end":{"line":206,"column":5}}]},"14":{"loc":{"start":{"line":204,"column":8},"end":{"line":204,"column":41}},"type":"binary-expr","locations":[{"start":{"line":204,"column":8},"end":{"line":204,"column":20}},{"start":{"line":204,"column":24},"end":{"line":204,"column":41}}]},"15":{"loc":{"start":{"line":221,"column":4},"end":{"line":223,"column":5}},"type":"if","locations":[{"start":{"line":221,"column":4},"end":{"line":223,"column":5}}]},"16":{"loc":{"start":{"line":221,"column":8},"end":{"line":221,"column":41}},"type":"binary-expr","locations":[{"start":{"line":221,"column":8},"end":{"line":221,"column":20}},{"start":{"line":221,"column":24},"end":{"line":221,"column":41}}]},"17":{"loc":{"start":{"line":237,"column":4},"end":{"line":240,"column":5}},"type":"if","locations":[{"start":{"line":237,"column":4},"end":{"line":240,"column":5}}]},"18":{"loc":{"start":{"line":237,"column":8},"end":{"line":237,"column":41}},"type":"binary-expr","locations":[{"start":{"line":237,"column":8},"end":{"line":237,"column":20}},{"start":{"line":237,"column":24},"end":{"line":237,"column":41}}]},"19":{"loc":{"start":{"line":258,"column":20},"end":{"line":260,"column":12}},"type":"cond-expr","locations":[{"start":{"line":259,"column":8},"end":{"line":259,"column":66}},{"start":{"line":260,"column":8},"end":{"line":260,"column":12}}]},"20":{"loc":{"start":{"line":288,"column":4},"end":{"line":292,"column":5}},"type":"if","locations":[{"start":{"line":288,"column":4},"end":{"line":292,"column":5}}]},"21":{"loc":{"start":{"line":288,"column":8},"end":{"line":288,"column":39}},"type":"binary-expr","locations":[{"start":{"line":288,"column":8},"end":{"line":288,"column":19}},{"start":{"line":288,"column":23},"end":{"line":288,"column":39}}]},"22":{"loc":{"start":{"line":306,"column":4},"end":{"line":306,"column":28}},"type":"default-arg","locations":[{"start":{"line":306,"column":25},"end":{"line":306,"column":28}}]},"23":{"loc":{"start":{"line":310,"column":4},"end":{"line":312,"column":5}},"type":"if","locations":[{"start":{"line":310,"column":4},"end":{"line":312,"column":5}}]},"24":{"loc":{"start":{"line":327,"column":4},"end":{"line":329,"column":5}},"type":"if","locations":[{"start":{"line":327,"column":4},"end":{"line":329,"column":5}}]},"25":{"loc":{"start":{"line":327,"column":8},"end":{"line":327,"column":41}},"type":"binary-expr","locations":[{"start":{"line":327,"column":8},"end":{"line":327,"column":20}},{"start":{"line":327,"column":24},"end":{"line":327,"column":41}}]}},"s":{"0":1,"1":1,"2":1,"3":1,"4":41,"5":41,"6":41,"7":41,"8":0,"9":0,"10":41,"11":41,"12":41,"13":0,"14":0,"15":1,"16":0,"17":1,"18":0,"19":0,"20":1,"21":0,"22":0,"23":1,"24":1,"25":40,"26":40,"27":40,"28":0,"29":0,"30":0,"31":0,"32":0,"33":0,"34":0,"35":0,"36":0,"37":0,"38":0,"39":0,"40":0,"41":0,"42":0,"43":0,"44":0,"45":0,"46":0,"47":0,"48":0,"49":0,"50":0,"51":0,"52":0,"53":0,"54":0,"55":0,"56":0,"57":0,"58":0,"59":0,"60":0,"61":0,"62":0,"63":0,"64":0,"65":0,"66":0,"67":0,"68":0,"69":0,"70":0,"71":0,"72":0,"73":0,"74":0,"75":0,"76":0,"77":0,"78":0,"79":0,"80":0,"81":0,"82":0,"83":0,"84":0,"85":0,"86":0,"87":0,"88":0,"89":0,"90":0,"91":0,"92":0,"93":0,"94":0,"95":0,"96":0,"97":0,"98":0,"99":0,"100":0,"101":0,"102":0,"103":0,"104":0,"105":0,"106":0,"107":0,"108":40,"109":0,"110":0,"111":0,"112":0,"113":0,"114":0,"115":0,"116":0,"117":0,"118":0,"119":0,"120":0,"121":0,"122":0,"123":0,"124":0,"125":1,"126":1,"127":1,"128":0,"129":1,"130":0,"131":0,"132":1,"133":0,"134":0},"f":{"0":41,"1":0,"2":0,"3":0,"4":0,"5":0,"6":0,"7":0,"8":0,"9":0,"10":0,"11":0,"12":0,"13":0,"14":40,"15":0,"16":0,"17":0,"18":0,"19":0},"b":{"0":[1,0],"1":[0],"2":[0],"3":[0,0],"4":[0],"5":[0],"6":[0],"7":[0,0],"8":[0],"9":[0,0],"10":[0],"11":[0,0],"12":[0],"13":[0],"14":[0,0],"15":[0],"16":[0,0],"17":[0],"18":[0,0],"19":[0,0],"20":[0],"21":[40,0],"22":[0],"23":[0],"24":[0],"25":[0,0]}}
,"/Users/alyshialedlie/code/ISPublicSites/tcad-scraper/server/src/lib/search-term-deduplicator.ts": {"path":"/Users/alyshialedlie/code/ISPublicSites/tcad-scraper/server/src/lib/search-term-deduplicator.ts","statementMap":{"0":{"start":{"line":22,"column":45},"end":{"line":25,"column":4}},"1":{"start":{"line":28,"column":4},"end":{"line":28,"column":31}},"2":{"start":{"line":29,"column":4},"end":{"line":35,"column":6}},"3":{"start":{"line":44,"column":4},"end":{"line":46,"column":5}},"4":{"start":{"line":45,"column":6},"end":{"line":45,"column":18}},"5":{"start":{"line":49,"column":4},"end":{"line":52,"column":5}},"6":{"start":{"line":50,"column":6},"end":{"line":50,"column":34}},"7":{"start":{"line":51,"column":6},"end":{"line":51,"column":18}},"8":{"start":{"line":55,"column":4},"end":{"line":58,"column":5}},"9":{"start":{"line":56,"column":6},"end":{"line":56,"column":35}},"10":{"start":{"line":57,"column":6},"end":{"line":57,"column":18}},"11":{"start":{"line":61,"column":4},"end":{"line":64,"column":5}},"12":{"start":{"line":62,"column":6},"end":{"line":62,"column":37}},"13":{"start":{"line":63,"column":6},"end":{"line":63,"column":18}},"14":{"start":{"line":67,"column":4},"end":{"line":70,"column":5}},"15":{"start":{"line":68,"column":6},"end":{"line":68,"column":36}},"16":{"start":{"line":69,"column":6},"end":{"line":69,"column":18}},"17":{"start":{"line":73,"column":4},"end":{"line":76,"column":5}},"18":{"start":{"line":74,"column":6},"end":{"line":74,"column":38}},"19":{"start":{"line":75,"column":6},"end":{"line":75,"column":18}},"20":{"start":{"line":78,"column":4},"end":{"line":78,"column":17}},"21":{"start":{"line":85,"column":4},"end":{"line":85,"column":29}},"22":{"start":{"line":92,"column":4},"end":{"line":92,"column":29}},"23":{"start":{"line":99,"column":4},"end":{"line":105,"column":6}},"24":{"start":{"line":112,"column":4},"end":{"line":118,"column":6}},"25":{"start":{"line":126,"column":4},"end":{"line":126,"column":61}},"26":{"start":{"line":130,"column":4},"end":{"line":130,"column":36}},"27":{"start":{"line":134,"column":18},"end":{"line":134,"column":35}},"28":{"start":{"line":137,"column":4},"end":{"line":139,"column":5}},"29":{"start":{"line":138,"column":6},"end":{"line":138,"column":19}},"30":{"start":{"line":141,"column":27},"end":{"line":141,"column":32}},"31":{"start":{"line":142,"column":29},"end":{"line":142,"column":188}},"32":{"start":{"line":146,"column":4},"end":{"line":146,"column":69}},"33":{"start":{"line":150,"column":18},"end":{"line":150,"column":35}},"34":{"start":{"line":153,"column":4},"end":{"line":155,"column":5}},"35":{"start":{"line":154,"column":6},"end":{"line":154,"column":19}},"36":{"start":{"line":160,"column":4},"end":{"line":160,"column":72}},"37":{"start":{"line":164,"column":18},"end":{"line":164,"column":35}},"38":{"start":{"line":167,"column":4},"end":{"line":169,"column":5}},"39":{"start":{"line":168,"column":6},"end":{"line":168,"column":19}},"40":{"start":{"line":173,"column":4},"end":{"line":173,"column":59}},"41":{"start":{"line":173,"column":33},"end":{"line":173,"column":57}},"42":{"start":{"line":180,"column":4},"end":{"line":180,"column":38}},"43":{"start":{"line":187,"column":4},"end":{"line":187,"column":31}},"44":{"start":{"line":16,"column":0},"end":{"line":16,"column":13}}},"fnMap":{"0":{"name":"(anonymous_0)","decl":{"start":{"line":27,"column":2},"end":{"line":27,"column":14}},"loc":{"start":{"line":27,"column":48},"end":{"line":36,"column":3}}},"1":{"name":"(anonymous_1)","decl":{"start":{"line":43,"column":9},"end":{"line":43,"column":23}},"loc":{"start":{"line":43,"column":36},"end":{"line":79,"column":3}}},"2":{"name":"(anonymous_2)","decl":{"start":{"line":84,"column":9},"end":{"line":84,"column":23}},"loc":{"start":{"line":84,"column":36},"end":{"line":86,"column":3}}},"3":{"name":"(anonymous_3)","decl":{"start":{"line":91,"column":9},"end":{"line":91,"column":17}},"loc":{"start":{"line":91,"column":17},"end":{"line":93,"column":3}}},"4":{"name":"(anonymous_4)","decl":{"start":{"line":98,"column":9},"end":{"line":98,"column":19}},"loc":{"start":{"line":98,"column":19},"end":{"line":106,"column":3}}},"5":{"name":"(anonymous_5)","decl":{"start":{"line":111,"column":9},"end":{"line":111,"column":24}},"loc":{"start":{"line":111,"column":24},"end":{"line":119,"column":3}}},"6":{"name":"(anonymous_6)","decl":{"start":{"line":123,"column":10},"end":{"line":123,"column":21}},"loc":{"start":{"line":123,"column":34},"end":{"line":127,"column":3}}},"7":{"name":"(anonymous_7)","decl":{"start":{"line":129,"column":10},"end":{"line":129,"column":26}},"loc":{"start":{"line":129,"column":39},"end":{"line":131,"column":3}}},"8":{"name":"(anonymous_8)","decl":{"start":{"line":133,"column":10},"end":{"line":133,"column":28}},"loc":{"start":{"line":133,"column":41},"end":{"line":147,"column":3}}},"9":{"name":"(anonymous_9)","decl":{"start":{"line":149,"column":10},"end":{"line":149,"column":27}},"loc":{"start":{"line":149,"column":40},"end":{"line":161,"column":3}}},"10":{"name":"(anonymous_10)","decl":{"start":{"line":163,"column":10},"end":{"line":163,"column":29}},"loc":{"start":{"line":163,"column":42},"end":{"line":174,"column":3}}},"11":{"name":"(anonymous_11)","decl":{"start":{"line":173,"column":23},"end":{"line":173,"column":24}},"loc":{"start":{"line":173,"column":33},"end":{"line":173,"column":57}}},"12":{"name":"(anonymous_12)","decl":{"start":{"line":179,"column":9},"end":{"line":179,"column":21}},"loc":{"start":{"line":179,"column":21},"end":{"line":181,"column":3}}},"13":{"name":"(anonymous_13)","decl":{"start":{"line":186,"column":9},"end":{"line":186,"column":26}},"loc":{"start":{"line":186,"column":26},"end":{"line":188,"column":3}}}},"branchMap":{"0":{"loc":{"start":{"line":27,"column":14},"end":{"line":27,"column":48}},"type":"default-arg","locations":[{"start":{"line":27,"column":39},"end":{"line":27,"column":48}}]},"1":{"loc":{"start":{"line":44,"column":4},"end":{"line":46,"column":5}},"type":"if","locations":[{"start":{"line":44,"column":4},"end":{"line":46
[...]
start":{"line":87,"column":2},"end":{"line":89,"column":3}}]},"10":{"loc":{"start":{"line":91,"column":2},"end":{"line":96,"column":3}},"type":"if","locations":[{"start":{"line":91,"column":2},"end":{"line":96,"column":3}}]},"11":{"loc":{"start":{"line":92,"column":4},"end":{"line":94,"column":5}},"type":"if","locations":[{"start":{"line":92,"column":4},"end":{"line":94,"column":5}}]},"12":{"loc":{"start":{"line":99,"column":2},"end":{"line":125,"column":3}},"type":"if","locations":[{"start":{"line":99,"column":2},"end":{"line":125,"column":3}}]},"13":{"loc":{"start":{"line":100,"column":4},"end":{"line":110,"column":5}},"type":"if","locations":[{"start":{"line":100,"column":4},"end":{"line":110,"column":5}}]},"14":{"loc":{"start":{"line":102,"column":27},"end":{"line":102,"column":68}},"type":"cond-expr","locations":[{"start":{"line":102,"column":42},"end":{"line":102,"column":44}},{"start":{"line":102,"column":47},"end":{"line":102,"column":68}}]},"15":{"loc":{"start":{"line":106,"column":6},"end":{"line":108,"column":7}},"type":"if","locations":[{"start":{"line":106,"column":6},"end":{"line":108,"column":7}}]},"16":{"loc":{"start":{"line":112,"column":4},"end":{"line":122,"column":5}},"type":"if","locations":[{"start":{"line":112,"column":4},"end":{"line":122,"column":5}}]},"17":{"loc":{"start":{"line":114,"column":27},"end":{"line":114,"column":75}},"type":"cond-expr","locations":[{"start":{"line":114,"column":42},"end":{"line":114,"column":44}},{"start":{"line":114,"column":47},"end":{"line":114,"column":75}}]},"18":{"loc":{"start":{"line":118,"column":6},"end":{"line":120,"column":7}},"type":"if","locations":[{"start":{"line":118,"column":6},"end":{"line":120,"column":7}}]},"19":{"loc":{"start":{"line":140,"column":8},"end":{"line":142,"column":9}},"type":"if","locations":[{"start":{"line":140,"column":8},"end":{"line":142,"column":9}}]},"20":{"loc":{"start":{"line":140,"column":12},"end":{"line":140,"column":46}},"type":"binary-expr","locations":[{"start":{"line":140,"column":12},"end":{"line":140,"column":24}},{"start":{"line":140,"column":28},"end":{"line":140,"column":46}}]},"21":{"loc":{"start":{"line":145,"column":8},"end":{"line":147,"column":9}},"type":"if","locations":[{"start":{"line":145,"column":8},"end":{"line":147,"column":9}}]},"22":{"loc":{"start":{"line":145,"column":12},"end":{"line":145,"column":34}},"type":"binary-expr","locations":[{"start":{"line":145,"column":12},"end":{"line":145,"column":19}},{"start":{"line":145,"column":23},"end":{"line":145,"column":34}}]},"23":{"loc":{"start":{"line":146,"column":26},"end":{"line":146,"column":50}},"type":"cond-expr","locations":[{"start":{"line":146,"column":41},"end":{"line":146,"column":45}},{"start":{"line":146,"column":48},"end":{"line":146,"column":50}}]},"24":{"loc":{"start":{"line":158,"column":8},"end":{"line":160,"column":9}},"type":"if","locations":[{"start":{"line":158,"column":8},"end":{"line":160,"column":9}}]},"25":{"loc":{"start":{"line":158,"column":12},"end":{"line":158,"column":46}},"type":"binary-expr","locations":[{"start":{"line":158,"column":12},"end":{"line":158,"column":24}},{"start":{"line":158,"column":28},"end":{"line":158,"column":46}}]},"26":{"loc":{"start":{"line":163,"column":8},"end":{"line":165,"column":9}},"type":"if","locations":[{"start":{"line":163,"column":8},"end":{"line":165,"column":9}}]},"27":{"loc":{"start":{"line":163,"column":12},"end":{"line":163,"column":34}},"type":"binary-expr","locations":[{"start":{"line":163,"column":12},"end":{"line":163,"column":19}},{"start":{"line":163,"column":23},"end":{"line":163,"column":34}}]},"28":{"loc":{"start":{"line":164,"column":26},"end":{"line":164,"column":50}},"type":"cond-expr","locations":[{"start":{"line":164,"column":41},"end":{"line":164,"column":45}},{"start":{"line":164,"column":48},"end":{"line":164,"column":50}}]},"29":{"loc":{"start":{"line":170,"column":2},"end":{"line":177,"column":3}},"type":"if","locations":[{"start":{"line":170,"column":2},"end":{"line":177,"column":3}}]},"30":{"loc":{"start":{"line":171,"column":4},"end":{"line":173,"column":5}},"type":"if","locations":[{"start":{"line":171,"column":4},"end":{"line":173,"column":5}}]}},"s":{"0":1,"1":1,"2":1,"3":1,"4":22,"5":22,"6":9,"7":22,"8":22,"9":22,"10":9,"11":9,"12":9,"13":9,"14":22,"15":22,"16":30,"17":22,"18":22,"19":125,"20":125,"21":125,"22":1,"23":125,"24":62,"25":125,"26":22,"27":62,"28":22,"29":62,"30":22,"31":9,"32":9,"33":9,"34":9,"35":22,"36":22,"37":30,"38":22,"39":30,"40":22,"41":9,"42":22,"43":4,"44":1,"45":4,"46":18,"47":8,"48":6,"49":6,"50":6,"51":15,"52":6,"53":1,"54":6,"55":8,"56":3,"57":3,"58":3,"59":22,"60":3,"61":1,"62":3,"63":8,"64":18,"65":18,"66":18,"67":30,"68":63,"69":30,"70":30,"71":63,"72":63,"73":59,"74":59,"75":3,"76":4,"77":4,"78":1,"79":18,"80":30,"81":42,"82":42,"83":41,"84":41,"85":3,"86":1,"87":1,"88":1,"89":18,"90":8,"91":4,"92":8,"93":8,"94":8,"95":18},"f":{"0":22,"1":30,"2":62,"3":62,"4":15,"5":22,"6":63},"b":{"0":[0],"1":[0],"2":[14],"3":[9],"4":[9],"5":[1],"6":[62],"7":[125,1],"8":[9],"9":[9],"10":[4],"11":[1],"12":[8],"13":[6],"14":[3,3],"15":[1],"16":[3],"17":[2,1],"18":[1],"19":[3],"20":[59,47],"21":[1],"22":[4,1],"23":[0,1],"24":[3],"25":[41,41],"26":[1],"27":[1,1],"28":[0,1],"29":[8],"30":[4]}}
,"/Users/alyshialedlie/code/ISPublicSites/tcad-scraper/server/src/utils/json-ld.utils.ts": {"path":"/Users/alyshialedlie/code/ISPublicSites/tcad-scraper/server/src/utils/json-ld.utils.ts","statementMap":{"0":{"start":{"line":48,"column":0},"end":{"line":48,"column":16}},"1":{"start":{"line":175,"column":0},"end":{"line":175,"column":16}},"2":{"start":{"line":245,"column":0},"end":{"line":245,"column":16}},"3":{"start":{"line":310,"column":0},"end":{"line":310,"column":16}},"4":{"start":{"line":335,"column":0},"end":{"line":335,"column":16}},"5":{"start":{"line":404,"column":0},"end":{"line":404,"column":16}},"6":{"start":{"line":413,"column":0},"end":{"line":413,"column":16}},"7":{"start":{"line":453,"column":0},"end":{"line":453,"column":16}},"8":{"start":{"line":53,"column":22},"end":{"line":162,"column":4}},"9":{"start":{"line":164,"column":2},"end":{"line":164,"column":16}},"10":{"start":{"line":180,"column":17},"end":{"line":232,"column":4}},"11":{"start":{"line":190,"column":64},"end":{"line":216,"column":6}},"12":{"start":{"line":234,"column":2},"end":{"line":234,"column":16}},"13":{"start":{"line":249,"column":2},"end":{"line":300,"column":4}},"14":{"start":{"line":314,"column":2},"end":{"line":325,"column":4}},"15":{"start":{"line":317,"column":49},"end":{"line":324,"column":6}},"16":{"start":{"line":341,"column":21},"end":{"line":343,"column":null}},"17":{"start":{"line":342,"column":16},"end":{"line":342,"column":54}},"18":{"start":{"line":346,"column":19},"end":{"line":346,"column":49}},"19":{"start":{"line":348,"column":2},"end":{"line":394,"column":4}},"20":{"start":{"line":358,"column":73},"end":{"line":372,"column":8}},"21":{"start":{"line":378,"column":48},"end":{"line":378,"column":80}},"22":{"start":{"line":379,"column":49},"end":{"line":379,"column":81}},"23":{"start":{"line":405,"column":2},"end":{"line":407,"column":11}},"24":{"start":{"line":418,"column":28},"end":{"line":418,"column":30}},"25":{"start":{"line":420,"column":2},"end":{"line":444,"column":3}},"26":{"start":{"line":423,"column":6},"end":{"line":423,"column":92}},"27":{"start":{"line":424,"column":6},"end":{"line":428,"column":23}},"28":{"start":{"line":429,"column":6},"end":{"line":429,"column":12}},"29":{"start":{"line":433,"column":6},"end":{"line":433,"column":96}},"30":{"start":{"line":434,"column":6},"end":{"line":437,"column":23}},"31":{"start":{"line":438,"column":6},"end":{"line":438,"column":12}},"32":{"start":{"line":442,"column":6},"end":{"line":442,"column":79}},"33":{"start":{"line":443,"column":6},"end":{"line":443,"column":12}},"34":{"start":{"line":446,"column":2},"end":{"line":446,"column":17}},"35":{"start":{"line":454,"column":27},"end":{"line":454,"column":29}},"36":{"start":{"line":457,"column":2},"end":{"line":459,"column":3}},"37":{"start":{"line":458,"column":4},"end":{"line":458,"column":42}},"38":{"start":{"line":462,"column":2},"end":{"line":464,"column":3}},"39":{"start":{"line":463,"column":4},"end":{"line":463,"column":39}},"40":{"start":{"line":467,"column":2},"end":{"line":475,"column":3}},"41":{"start":{"line":469,"column":4},"end":{"line":471,"column":5}},"42":{"start":{"line":470,"column":6},"end":{"line":470,"column":62}},"43":{"start":{"line":472,"column":4},"end":{"line":474,"column":5}},"44":{"start":{"line":473,"column":6},"end":{"line":473,"column":70}},"45":{"start":{"line":478,"column":2},"end":{"line":485,"column":3}},"46":{"start":{"line":479,"column":4},"end":{"line":481,"column":5}},"47":{"start":{"line":480,"column":6},"end":{"line":480,"column":58}},"48":{"start":{"line":482,"column":4},"end":{"line":484,"column":5}},"49":{"start":{"line":483,"column":6},"end":{"line":483,"column":77}},"50":{"start":{"line":487,"column":2},"end":{"line":487,"column":16}},"51":{"start":{"line":490,"column":0},"end":{"line":499,"column":2}}},"fnMap":{"0":{"name":"generatePropertyJsonLd","decl":{"start":{"line":48,"column":16},"end":{"line":48,"column":38}},"loc":{"start":{"line":51,"column":36},"end":{"line":165,"column":1}}},"1":{"name":"generatePropertyListJsonLd","decl":{"start":{"line":175,"column":16},"end":{"line":175,"column":42}},"loc":{"start":{"line":178,"column":36},"end":{"line":235,"column":1}}},"2":{"name":"(anonymous_2)","decl":{"start":{"line":190,"column":42},"end":{"line":190,"column":43}},"loc":{"start":{"line":190,"column":64},"end":{"line":216,"column":6}}},"3":{"name":"generateOrganizationJsonLd","decl":{"start":{"line":245,"column":16},"end":{"line":245,"column":42}},"loc":{"start":{"line":247,"column":43},"end":{"line":301,"column":1}}},"4":{"name":"generateBreadcrumbJsonLd","decl":{"start":{"line":310,"column":16},"end":{"line":310,"column":40}},"loc":{"start":{"line":312,"column":36},"end":{"line":326,"column":1}}},"5":{"name":"(anonymous_5)","decl":{"start":{"line":317,"column":31},"end":{"line":317,"column":32}},"loc":{"start":{"line":317,"column":49},"end":{"line":324,"column":6}}},"6":{"name":"generatePropertyCollectionJsonLd","decl":{"start":{"line":335,"column":16},"end":{"line":335,"column":48}},"loc":{"start":{"line":339,"column":36},"end":{"line":395,"column":1}}},"7":{"name":"(anonymous_7)","decl":{"start":{"line":342,"column":4},"end":{"line":342,"column":5}},"loc":{"start":{"line":342,"column":16},"end":{"line":342,"column":54}}},"8":{"name":"(anonymous_8)","decl":{"start":{"line":358,"column":51},"end":{"line":358,"column":52}},"loc":{"start":{"line":358,"column":73},"end":{"line":372,"column":8}}},"9":{"name":"(anonymous_9)","decl":{"start":{"line":378,"column":43},"end":{"line":378,"column":44}},"loc":{"start":{"line":378,"column":48},"end":{"line":378,"column":80}}},"10":{"name":"(anonymous_10)","decl":{"start":{"line":379,"column":44},"end":{"line":379,"column":45}},"loc":{"start":{"line":379,"column":49},"end":{"line":379,"column":81}}},"11":{"name":"injectJsonLdScript","decl":{"start":{"line":404,"column":16},"end":{"line":404,"column":34}},"loc":{"start":{"line":404,"column":49},"end":{"line":408,"column":1}}},"12":{"name":"generatePageJsonLd","decl":{"start":{"line":413,"column":16},"end":{"line":413,"column":34}},"loc":{"start":{"line":416,"column":36},"end":{"line":447,"column":1}}},"13":{"name":"validateJsonLd","decl":{"start":{"line":453,"column":16},"end":{"line":453,"column":30}},"loc":{"start":{"line":453,"column":42},"end":{"line":488,"column":1}}}},"branchMap":{"0":{"loc":{"start":{"line":50,"column":2},"end":{"line":50,"column":55}},"type":"default-arg","locations":[{"start":{"line":50,"column":21},"end":{"line":50,"column":55}}]},"1":{"loc":{"start":{"line":51,"column":2},"end":{"line":51,"column":36}},"type":"default-arg","locations":[{"start":{"line":51,"column":15},"end":{"line":51,"column":36}}]},"2":{"loc":{"start":{"line":55,"column":13},"end":{"line":55,"column":53}},"type":"binary-expr","locations":[{"start":{"line":55,"column":13},"end":{"line":55,"column":30}},{"start":{"line":55,"column":34},"end":{"line":55,"column":53}}]},"3":{"loc":{"start":{"line":61,"column":17},"end":{"line":62,"column":82}},"type":"binary-expr","locations":[{"start":{"line":61,"column":17},"end":{"line":61,"column":42}},{"start":{"line":62,"column":6},"end":{"line":62,"column":82}}]},"4":{"loc":{"start":{"line":75,"column":8},"end":{"line":81,"column":6}},"type":"binary-expr","locations":[{"start":{"line":75,"column":8},"end":{"line":75,"column":36}},{"start":{"line":75,"column":40},"end":{"line":75,"column":69}},{"start":{"line":75,"column":73},"end":{"line":81,"column":6}}]},"5":{"loc":{"start":{"line":87,"column":8},"end":{"line":92,"column":6}},"type":"binary-expr","locations":[{"start":{"line":87,"column":8},"end":{"line":87,"column":22}},{"start":{"line":87,"column":26},"end":{"line":92,"column":6}}]},"6":{"loc":{"start":{"line":89,"column":17},"end":{"line":89,"column":52}},"type":"binary-expr","locations":[{"start":{"line":89,"column":17},"end":{"line":89,"column":40}},{"start":{"line":89,"column":44},"end":{"line":89,"column":52}}]},"7":{"loc":{"start":{"line":109,"column":12},"end":{"line":115,"column":15}},"type":"cond-expr","locations":[{"start":{"line":109,"column":47},"end":{"line":115,"column":10}},{"start":{"line":115,"column":13},"end":{"line":115,"column":15}}]},"8":{"loc":{"start":{"line":127,"column":10},"end":{"line":129,"column":8}},"type":"binary-expr","locations":[{"start":{"line":127,"column":10},"end":{"line":127,"column":53}},{"start":{"line":127,"column":57},"end":{"line":129,"column":8}}]},"9":{"loc":{"start":{"line":133,"column":8},"end":{"line":138,"column":6}},"type":"binary-expr","locations":[{"start":{"line":133,"column":8},"end":{"line":133,"column":40}},{"start":{"line":133,"column":44},"end":{"line":138,"column":6}}]},"10":{"loc":{"start":{"line":178,"column":2},"end":{"line":178,"column":36}},"type":"default-arg","locations":[{"start":{"line":178,"column":15},"end":{"line":178,"column":36}}]},"11":{"loc":{"start":{"line":183,"column":10},"end":{"line":185,"column":34}},"type":"cond-expr","locations":[{"start":{"line":184,"column":8},"end":{"line":184,"column":54}},{"start":{"line":185,"column":8},"end":{"line":185,"column":34}}]},"12":{"loc":{"start":{"line":194,"column":17},"end":{"line":194,"column":57}},"type":"binary-expr","locations":[{"start":{"line":194,"column":17},"end":{"line":194,"column":34}},{"start":{"line":194,"column":38},"end":{"line":194,"column":57}}]},"13":{"loc":{"start":{"line":219,"column":8},"end":{"line":221,"column":6}},"type":"binary-expr","locations":[{"start":{"line":219,"column":8},"end":{"line":219,"column":35}},{"start":{"line":219,"column":39},"end":{"line":221,"column":6}}]},"14":{"loc":{"start":{"line":246,"column":2},"end":{"line":246,"column":36}},"type":"default-arg","locations":[{"start":{"line":246,"column":15},"end":{"line":246,"column":36}}]},"15":{"loc":{"start":{"line":247,"column":2},"end":{"line":247,"column":43}},"type":"default-arg","locations":[{"start":{"line":247,"column":21},"end":{"line":247,"column":43}}]},"16":{"loc":{"start":{"line":312,"column":2},"end":{"line":312,"column":36}},"type":"default-arg","locations":[{"start":{"line":312,"column":15},"end":{"line":312,"column":36}}]},"17":{"loc":{"start":{"line":321,"column":10},"end":{"line":323,"column":8}},"type":"binary-expr","locations":[{"start":{"line":321,"column":10},"end":{"line":321,"column":18}},{"start":{"line":321,"column":22},"end":{"line":323,"column":8}}]},"18":{"loc":{"start":{"line":339,"column":2},"end":{"line":339,"column":36}},"type":"default-arg","locations":[{"start":{"line":339,"column":15},"end":{"line":339,"column":36}}]},"19":{"loc":{"start":{"line":362,"column":19},"end":{"line":362,"column":59}},"type":"binary-expr","locations":[{"start":{"line":362,"column":19},"end":{"line":362,"column":36}},{"start":{"line":362,"column":40},"end":{"line":362,"column":59}}]},"20":{"loc":{"start":{"line":386,"column":8},"end":{"line":391,"column":6}},"type":"binary-expr","locations":[{"start":{"line":386,"column":8},"end":{"line":386,"column":33}},{"start":{"line":386,"column":37},"end":{"line":391,"column":6}}]},"21":{"loc":{"start":{"line":416,"column":2},"end":{"line":416,"column":36}},"type":"default-arg","locations":[{"start":{"line":416,"column":15},"end":{"line":416,"column":36}}]},"22":{"loc":{"start":{"line":420,"column":2},"end":{"line":444,"column":3}},"type":"switch","locations":[{"start":{"line":421,"column":4},"end":{"line":429,"column":12}},{"start":{"line":431,"column":4},"end":{"line":438,"column":12}},{"start":{"line":440,"column":4},"end":{"line":443,"column":12}}]},"23":{"loc":{"start":{"line":457,"column":2},"end":{"line":459,"column":3}},"type":"if","locations":[{"start":{"line":457,"column":2},"end":{"line":459,"column":3}}]},"24":{"loc":{"start":{"line":462,"column":2},"end":{"line":464,"column":3}},"type":"if","locations":[{"start":{"line":462,"column":2},"end":{"line":464,"column":3}}]},"25":{"loc":{"start":{"line":467,"column":2},"end":{"line":475,"column":3}},"type":"if","locations":[{"start":{"line":467,"column":2},"end":{"line":475,"column":3}}]},"26":{"loc":{"start":{"line":467,"column":6},"end":{"line":468,"column":87}},"type":"binary-expr","locations":[{"start":{"line":467,"column":6},"end":{"line":467,"column":45}},{"start":{"line":468,"column":7},"end":{"line":468,"column":37}},{"start":{"line":468,"column":41},"end":{"line":468,"column":86}}]},"27":{"loc":{"start":{"line":469,"column":4},"end":{"line":471,"column":5}},"type":"if","locations":[{"start":{"line":469,"column":4},"end":{"line":471,"column":5}}]},"28":{"loc":{"start":{"line":472,"column":4},"end":{"line":474,"column":5}},"type":"if","locations":[{"start":{"line":472,"column":4},"end":{"line":474,"column":5}}]},"29":{"loc":{"start":{"line":472,"column":8},"end":{"line":472,"column":39}},"type":"binary-expr","locations":[{"start":{"line":472,"column":8},"end":{"line":472,"column":22}},{"start":{"line":472,"column":26},"end":{"line":472,"column":39}}]},"30":{"loc":{"start":{"line":478,"column":2},"end":{"line":485,"column":3}},"type":"if","locations":[{"start":{"line":478,"column":2},"end":{"line":485,"column":3}}]},"31":{"loc":{"start":{"line":478,"column":6},"end":{"line":478,"column":67}},"type":"binary-expr","locations":[{"start":{"line":478,"column":6},"end":{"line":478,"column":20}},{"start":{"line":478,"column":24},"end":{"line":478,"column":67}}]},"32":{"loc":{"start":{"line":479,"column":4},"end":{"line":481,"column":5}},"type":"if","locations":[{"start":{"line":479,"column":4},"end":{"line":481,"column":5}}]},"33":{"loc":{"start":{"line":482,"column":4},"end":{"line":484,"column":5}},"type":"if","locations":[{"start":{"line":482,"column":4},"end":{"line":484,"column":5}}]},"34":{"loc":{"start":{"line":482,"column":8},"end":{"line":482,"column":72}},"type":"binary-expr","locations":[{"start":{"line":482,"column":8},"end":{"line":482,"column":39}},{"start":{"line":482,"column":43},"end":{"line":482,"column":72}}]}},"s":{"0":1,"1":1,"2":1,"3":1,"4":1,"5":1,"6":1,"7":1,"8":9,"9":9,"10":10,"11":10,"12":10,"13":6,"14":9,"15":19,"16":8,"17":29,"18":8,"19":8,"20":24,"21":29,"22":29,"23":13,"24":6,"25":6,"26":2,"27":2,"28":2,"29":2,"30":2,"31":2,"32":2,"33":2,"34":6,"35":10,"36":10,"37":2,"38":10,"39":2,"40":10,"41":4,"42":2,"43":4,"44":3,"45":10,"46":4,"47":1,"48":4,"49":2,"50":10,"51":1},"f":{"0":9,"1":10,"2":10,"3":6,"4":9,"5":19,"6":8,"7":29,"8":24,"9":29,"10":29,"11":13,"12":6,"13":10},"b":{"0":[8],"1":[6],"2":[9,1],"3":[9,1],"4":[9,8,8],"5":[9,8],"6":[8,0],"7":[8,1],"8":[9,0],"9":[9,8],"10":[8],"11":[1,9],"12":[10,0],"13":[10,1],"14":[2],"15":[5],"16":[4],"17":[19,13],"18":[7],"19":[24,0],"20":[8,5],"21":[5],"22":[2,2,2],"23":[2],"24":[2],"25":[4],"26":[10,7,1],"27":[2],"28":[3],"29":[4,4],"30":[4],"31":[10,4],"32":[1],"33":[2],"34":[4,2]}}
}
