TN:
SF:src/test-api-direct.ts
FN:2,testApi
FNF:1
FNH:0
FNDA:0,testApi
DA:1,0
DA:3,0
DA:6,0
DA:7,0
DA:8,0
DA:9,0
DA:12,0
DA:13,0
DA:19,0
DA:20,0
DA:21,0
DA:24,0
DA:25,0
DA:42,0
DA:43,0
DA:44,0
DA:47,0
DA:48,0
DA:49,0
DA:50,0
DA:52,0
DA:53,0
DA:54,0
DA:55,0
DA:56,0
DA:57,0
DA:58,0
DA:60,0
DA:61,0
DA:63,0
DA:67,0
LF:31
LH:0
BRDA:44,0,0,0
BRDA:44,0,1,0
BRDA:47,1,0,0
BRDA:47,1,1,0
BRDA:47,2,0,0
BRDA:47,2,1,0
BRDA:54,3,0,0
BRDA:54,3,1,0
BRDA:54,3,2,0
BRDA:55,4,0,0
BRDA:55,4,1,0
BRDA:55,4,2,0
BRDA:56,5,0,0
BRDA:56,5,1,0
BRDA:56,5,2,0
BRDA:56,5,3,0
BRDA:57,6,0,0
BRDA:57,6,1,0
BRDA:57,6,2,0
BRDA:57,6,3,0
BRDA:57,6,4,0
BRDA:58,7,0,0
BRDA:58,7,1,0
BRF:23
BRH:0
end_of_record
TN:
SF:src/test-api-discovery.ts
FN:4,testApiDiscovery
FNF:1
FNH:0
FNDA:0,testApiDiscovery
DA:1,0
DA:2,0
DA:5,0
DA:7,0
DA:11,0
DA:12,0
DA:16,0
DA:18,0
DA:20,0
DA:22,0
DA:26,0
LF:11
LH:0
BRF:0
BRH:0
end_of_record
TN:
SF:src/test-api-scraper.ts
FN:4,testApiScraper
FN:21,(anonymous_2)
FN:33,(anonymous_3)
FN:34,(anonymous_4)
FNF:4
FNH:0
FNDA:0,testApiScraper
FNDA:0,(anonymous_2)
FNDA:0,(anonymous_3)
FNDA:0,(anonymous_4)
DA:1,0
DA:2,0
DA:5,0
DA:7,0
DA:11,0
DA:12,0
DA:14,0
DA:15,0
DA:17,0
DA:19,0
DA:20,0
DA:21,0
DA:22,0
DA:23,0
DA:24,0
DA:25,0
DA:26,0
DA:27,0
DA:28,0
DA:29,0
DA:33,0
DA:34,0
DA:36,0
DA:37,0
DA:38,0
DA:42,0
DA:44,0
DA:48,0
LF:28
LH:0
BRDA:19,0,0,0
BRDA:25,1,0,0
BRDA:25,1,1,0
BRF:3
BRH:0
end_of_record
TN:
SF:src/config/index.ts
FN:21,parseIntEnv
FN:31,parseBoolEnv
FN:40,parseArrayEnv
FN:43,(anonymous_4)
FN:268,validateConfig
FN:293,logConfigSummary
FNF:6
FNH:0
FNDA:0,parseIntEnv
FNDA:0,parseBoolEnv
FNDA:0,parseArrayEnv
FNDA:0,(anonymous_4)
FNDA:0,validateConfig
FNDA:0,logConfigSummary
DA:12,0
DA:13,0
DA:16,0
DA:22,0
DA:23,0
DA:24,0
DA:25,0
DA:32,0
DA:33,0
DA:34,0
DA:41,0
DA:42,0
DA:43,0
DA:49,0
DA:268,0
DA:269,0
DA:272,0
DA:273,0
DA:276,0
DA:277,0
DA:278,0
DA:280,0
DA:281,0
DA:285,0
DA:286,0
DA:293,0
DA:294,0
DA:295,0
DA:296,0
DA:297,0
DA:298,0
DA:299,0
DA:300,0
DA:301,0
DA:302,0
DA:303,0
DA:304,0
DA:305,0
DA:306,0
DA:308,0
DA:309,0
DA:312,0
DA:316,0
DA:317,0
DA:318,0
DA:319,0
DA:320,0
DA:321,0
DA:322,0
DA:323,0
DA:324,0
DA:325,0
DA:326,0
DA:327,0
DA:328,0
DA:331,0
LF:56
LH:0
BRDA:23,0,0,0
BRDA:25,1,0,0
BRDA:25,1,1,0
BRDA:33,2,0,0
BRDA:34,3,0,0
BRDA:34,3,1,0
BRDA:42,4,0,0
BRDA:52,5,0,0
BRDA:52,5,1,0
BRDA:68,6,0,0
BRDA:68,6,1,0
BRDA:75,7,0,0
BRDA:75,7,1,0
BRDA:83,8,0,0
BRDA:83,8,1,0
BRDA:104,9,0,0
BRDA:104,9,1,0
BRDA:114,10,0,0
BRDA:114,10,1,0
BRDA:119,11,0,0
BRDA:119,11,1,0
BRDA:140,12,0,0
BRDA:140,12,1,0
BRDA:171,13,0,0
BRDA:171,13,1,0
BRDA:172,14,0,0
BRDA:172,14,1,0
BRDA:196,15,0,0
BRDA:196,15,1,0
BRDA:212,16,0,0
BRDA:212,16,1,0
BRDA:220,17,0,0
BRDA:220,17,1,0
BRDA:245,18,0,0
BRDA:245,18,1,0
BRDA:258,19,0,0
BRDA:258,19,1,0
BRDA:258,19,2,0
BRDA:259,20,0,0
BRDA:259,20,1,0
BRDA:272,21,0,0
BRDA:276,22,0,0
BRDA:277,23,0,0
BRDA:277,24,0,0
BRDA:277,24,1,0
BRDA:280,25,0,0
BRDA:285,26,0,0
BRDA:297,27,0,0
BRDA:297,27,1,0
BRDA:299,28,0,0
BRDA:299,28,1,0
BRDA:300,29,0,0
BRDA:300,29,1,0
BRDA:300,30,0,0
BRDA:300,30,1,0
BRDA:301,31,0,0
BRDA:301,31,1,0
BRDA:302,32,0,0
BRDA:302,32,1,0
BRDA:303,33,0,0
BRDA:303,33,1,0
BRDA:304,34,0,0
BRDA:304,34,1,0
BRDA:305,35,0,0
BRDA:305,35,1,0
BRDA:306,36,0,0
BRDA:306,36,1,0
BRDA:308,37,0,0
BRF:68
BRH:0
end_of_record
TN:
SF:src/config/swagger.ts
FNF:0
FNH:0
DA:7,0
DA:8,0
DA:10,0
DA:243,0
DA:252,0
LF:5
LH:0
BRF:0
BRH:0
end_of_record
TN:
SF:src/controllers/property.controller.ts
FN:19,(anonymous_0)
FN:47,(anonymous_1)
FN:83,(anonymous_2)
FN:92,(anonymous_3)
FN:124,(anonymous_4)
FN:139,(anonymous_5)
FN:178,(anonymous_6)
FN:204,(anonymous_7)
FN:210,(anonymous_8)
FN:265,(anonymous_9)
FN:287,(anonymous_10)
FN:299,(anonymous_11)
FNF:12
FNH:0
FNDA:0,(anonymous_0)
FNDA:0,(anonymous_1)
FNDA:0,(anonymous_2)
FNDA:0,(anonymous_3)
FNDA:0,(anonymous_4)
FNDA:0,(anonymous_5)
FNDA:0,(anonymous_6)
FNDA:0,(anonymous_7)
FNDA:0,(anonymous_8)
FNDA:0,(anonymous_9)
FNDA:0,(anonymous_10)
FNDA:0,(anonymous_11)
DA:2,0
DA:3,0
DA:5,0
DA:6,0
DA:15,0
DA:20,0
DA:23,0
DA:24,0
DA:25,0
DA:31,0
DA:36,0
DA:41,0
DA:48,0
DA:50,0
DA:51,0
DA:52,0
DA:55,0
DA:56,0
DA:58,0
DA:59,0
DA:60,0
DA:63,0
DA:64,0
DA:65,0
DA:68,0
DA:84,0
DA:87,0
DA:90,0
DA:93,0
DA:95,0
DA:105,0
DA:118,0
DA:125,0
DA:126,0
DA:128,0
DA:140,0
DA:142,0
DA:143,0
DA:147,0
DA:150,0
DA:160,0
DA:179,0
DA:181,0
DA:187,0
DA:189,0
DA:205,0
DA:208,0
DA:211,0
DA:248,0
DA:259,0
DA:266,0
DA:268,0
DA:269,0
DA:272,0
DA:278,0
DA:288,0
DA:293,0
DA:300,0
DA:302,0
DA:303,0
DA:310,0
DA:311,0
DA:314,0
DA:315,0
DA:318,0
DA:319,0
DA:320,0
DA:321,0
DA:324,0
DA:328,0
LF:70
LH:0
BRDA:24,0,0,0
BRDA:51,1,0,0
BRDA:59,2,0,0
BRDA:64,3,0,0
BRDA:71,4,0,0
BRDA:71,4,1,0
BRDA:75,5,0,0
BRDA:75,5,1,0
BRDA:140,6,0,0
BRDA:140,7,0,0
BRDA:142,8,0,0
BRDA:142,9,0,0
BRDA:142,9,1,0
BRDA:153,10,0,0
BRDA:153,10,1,0
BRDA:179,11,0,0
BRDA:179,12,0,0
BRDA:266,13,0,0
BRDA:268,14,0,0
BRDA:302,15,0,0
BRDA:310,16,0,0
BRDA:314,17,0,0
BRDA:318,18,0,0
BRDA:318,19,0,0
BRDA:318,19,1,0
BRDA:320,20,0,0
BRDA:321,21,0,0
BRF:27
BRH:0
end_of_record
TN:
SF:src/lib/claude.service.ts
FN:17,(anonymous_1)
FNF:1
FNH:1
FNDA:26,(anonymous_1)
DA:1,1
DA:3,1
DA:4,1
DA:6,1
DA:16,1
DA:18,26
DA:19,26
DA:115,22
DA:116,22
DA:119,22
DA:121,20
DA:128,6
DA:133,6
DA:134,6
DA:137,6
DA:152,1
LF:16
LH:16
BRDA:115,0,0,22
BRDA:115,0,1,0
BRDA:122,1,0,20
BRDA:122,1,1,1
BRDA:124,2,0,20
BRDA:124,2,1,1
BRDA:129,3,0,6
BRDA:129,3,1,0
BRDA:130,4,0,6
BRDA:130,4,1,0
BRDA:131,5,0,6
BRDA:131,5,1,0
BRF:12
BRH:8
end_of_record
TN:
SF:src/lib/logger.ts
FNF:0
FNH:0
DA:2,3
DA:4,3
DA:16,3
LF:3
LH:3
BRDA:5,0,0,3
BRDA:5,0,1,0
BRF:2
BRH:1
end_of_record
TN:
SF:src/lib/metrics.service.ts
FN:402,getMetrics
FN:409,getRegistry
FN:416,resetMetrics
FN:424,updateQueueMetrics
FN:442,updateCacheMetrics
FN:457,recordHttpRequest
FN:470,recordScrapeJob
FN:486,recordDbQuery
FN:499,recordCacheOperation
FN:509,recordError
FN:532,updateCodeComplexityMetrics
FN:548,(anonymous_12)
FNF:12
FNH:0
FNDA:0,getMetrics
FNDA:0,getRegistry
FNDA:0,resetMetrics
FNDA:0,updateQueueMetrics
FNDA:0,updateCacheMetrics
FNDA:0,recordHttpRequest
FNDA:0,recordScrapeJob
FNDA:0,recordDbQuery
FNDA:0,recordCacheOperation
FNDA:0,recordError
FNDA:0,updateCodeComplexityMetrics
FNDA:0,(anonymous_12)
DA:7,0
DA:8,0
DA:11,0
DA:14,0
DA:27,0
DA:38,0
DA:54,0
DA:65,0
DA:77,0
DA:88,0
DA:102,0
DA:113,0
DA:128,0
DA:140,0
DA:150,0
DA:165,0
DA:176,0
DA:186,0
DA:200,0
DA:211,0
DA:222,0
DA:238,0
DA:249,0
DA:263,0
DA:278,0
DA:288,0
DA:298,0
DA:308,0
DA:318,0
DA:328,0
DA:338,0
DA:348,0
DA:358,0
DA:368,0
DA:379,0
DA:389,0
DA:402,0
DA:403,0
DA:409,0
DA:410,0
DA:416,0
DA:417,0
DA:424,0
DA:430,0
DA:431,0
DA:432,0
DA:433,0
DA:435,0
DA:442,0
DA:447,0
DA:448,0
DA:450,0
DA:451,0
DA:457,0
DA:463,0
DA:464,0
DA:470,0
DA:475,0
DA:476,0
DA:478,0
DA:479,0
DA:486,0
DA:492,0
DA:493,0
DA:499,0
DA:503,0
DA:509,0
DA:510,0
DA:532,0
DA:533,0
DA:534,0
DA:535,0
DA:536,0
DA:537,0
DA:538,0
DA:539,0
DA:540,0
DA:541,0
DA:544,0
DA:546,0
DA:548,0
DA:549,0
DA:554,0
DA:555,0
DA:558,0
DA:559,0
DA:563,0
DA:565,0
LF:88
LH:0
BRDA:448,0,0,0
BRDA:448,0,1,0
BRDA:478,1,0,0
BRDA:478,2,0,0
BRDA:478,2,1,0
BRDA:544,3,0,0
BRDA:554,4,0,0
BRDA:558,5,0,0
BRF:8
BRH:0
end_of_record
TN:
SF:src/lib/prisma.ts
FNF:0
FNH:0
DA:1,0
DA:8,0
DA:12,0
DA:13,0
DA:16,0
DA:25,0
DA:26,0
DA:29,0
DA:30,0
LF:9
LH:0
BRDA:8,0,0,0
BRDA:8,0,1,0
BRDA:9,1,0,0
BRDA:9,1,1,0
BRDA:12,2,0,0
BRDA:16,3,0,0
BRDA:16,3,1,0
BRDA:19,4,0,0
BRDA:19,4,1,0
BRDA:22,5,0,0
BRDA:22,5,1,0
BRDA:25,6,0,0
BRF:12
BRH:0
end_of_record
TN:
SF:src/lib/redis-cache.service.ts
FN:45,(anonymous_1)
FN:62,(anonymous_2)
FN:67,(anonymous_3)
FN:71,(anonymous_4)
FN:76,(anonymous_5)
FN:94,(anonymous_6)
FN:126,(anonymous_7)
FN:150,(anonymous_8)
FN:174,(anonymous_9)
FN:203,(anonymous_10)
FN:220,(anonymous_11)
FN:236,(anonymous_12)
FN:256,(anonymous_13)
FN:273,(anonymous_14)
FN:287,(anonymous_15)
FN:303,(anonymous_16)
FN:326,(anonymous_17)
FN:345,(anonymous_18)
FN:350,(anonymous_19)
FN:355,(anonymous_20)
FNF:20
FNH:0
FNDA:0,(anonymous_1)
FNDA:0,(anonymous_2)
FNDA:0,(anonymous_3)
FNDA:0,(anonymous_4)
FNDA:0,(anonymous_5)
FNDA:0,(anonymous_6)
FNDA:0,(anonymous_7)
FNDA:0,(anonymous_8)
FNDA:0,(anonymous_9)
FNDA:0,(anonymous_10)
FNDA:0,(anonymous_11)
FNDA:0,(anonymous_12)
FNDA:0,(anonymous_13)
FNDA:0,(anonymous_14)
FNDA:0,(anonymous_15)
FNDA:0,(anonymous_16)
FNDA:0,(anonymous_17)
FNDA:0,(anonymous_18)
FNDA:0,(anonymous_19)
FNDA:0,(anonymous_20)
DA:11,0
DA:12,0
DA:13,0
DA:15,0
DA:31,0
DA:32,0
DA:33,0
DA:34,0
DA:46,0
DA:47,0
DA:48,0
DA:51,0
DA:52,0
DA:62,0
DA:63,0
DA:64,0
DA:67,0
DA:68,0
DA:71,0
DA:72,0
DA:73,0
DA:76,0
DA:77,0
DA:78,0
DA:81,0
DA:82,0
DA:85,0
DA:86,0
DA:87,0
DA:95,0
DA:96,0
DA:97,0
DA:100,0
DA:101,0
DA:103,0
DA:104,0
DA:105,0
DA:106,0
DA:109,0
DA:110,0
DA:111,0
DA:114,0
DA:115,0
DA:116,0
DA:127,0
DA:128,0
DA:129,0
DA:132,0
DA:133,0
DA:134,0
DA:136,0
DA:137,0
DA:138,0
DA:141,0
DA:142,0
DA:143,0
DA:151,0
DA:152,0
DA:153,0
DA:156,0
DA:157,0
DA:159,0
DA:160,0
DA:161,0
DA:164,0
DA:165,0
DA:166,0
DA:175,0
DA:176,0
DA:177,0
DA:180,0
DA:181,0
DA:183,0
DA:184,0
DA:187,0
DA:189,0
DA:190,0
DA:191,0
DA:194,0
DA:195,0
DA:196,0
DA:204,0
DA:205,0
DA:208,0
DA:209,0
DA:210,0
DA:212,0
DA:213,0
DA:221,0
DA:222,0
DA:225,0
DA:226,0
DA:228,0
DA:229,0
DA:237,0
DA:238,0
DA:239,0
DA:242,0
DA:243,0
DA:244,0
DA:245,0
DA:247,0
DA:248,0
DA:249,0
DA:257,0
DA:258,0
DA:262,0
DA:274,0
DA:281,0
DA:288,0
DA:289,0
DA:290,0
DA:291,0
DA:309,0
DA:310,0
DA:311,0
DA:315,0
DA:318,0
DA:320,0
DA:327,0
DA:328,0
DA:331,0
DA:332,0
DA:333,0
DA:335,0
DA:336,0
DA:342,0
DA:345,0
DA:346,0
DA:350,0
DA:351,0
DA:352,0
DA:355,0
DA:356,0
DA:357,0
LF:135
LH:0
BRDA:16,0,0,0
BRDA:16,0,1,0
BRDA:46,1,0,0
BRDA:95,2,0,0
BRDA:95,3,0,0
BRDA:95,3,1,0
BRDA:103,4,0,0
BRDA:126,5,0,0
BRDA:127,6,0,0
BRDA:127,7,0,0
BRDA:127,7,1,0
BRDA:151,8,0,0
BRDA:151,9,0,0
BRDA:151,9,1,0
BRDA:175,10,0,0
BRDA:175,11,0,0
BRDA:175,11,1,0
BRDA:183,12,0,0
BRDA:204,13,0,0
BRDA:204,14,0,0
BRDA:204,14,1,0
BRDA:221,15,0,0
BRDA:221,16,0,0
BRDA:221,16,1,0
BRDA:237,17,0,0
BRDA:237,18,0,0
BRDA:237,18,1,0
BRDA:258,19,0,0
BRDA:258,19,1,0
BRDA:288,20,0,0
BRDA:288,21,0,0
BRDA:288,21,1,0
BRDA:306,22,0,0
BRDA:310,23,0,0
BRDA:327,24,0,0
BRDA:327,25,0,0
BRDA:327,25,1,0
BRF:37
BRH:0
end_of_record
TN:
SF:src/lib/search-term-deduplicator.ts
FN:27,(anonymous_0)
FN:43,(anonymous_1)
FN:84,(anonymous_2)
FN:91,(anonymous_3)
FN:98,(anonymous_4)
FN:111,(anonymous_5)
FN:123,(anonymous_6)
FN:129,(anonymous_7)
FN:133,(anonymous_8)
FN:149,(anonymous_9)
FN:163,(anonymous_10)
FN:173,(anonymous_11)
FN:179,(anonymous_12)
FN:186,(anonymous_13)
FNF:14
FNH:14
FNDA:21,(anonymous_0)
FNDA:28,(anonymous_1)
FNDA:23,(anonymous_2)
FNDA:6,(anonymous_3)
FNDA:1,(anonymous_4)
FNDA:3,(anonymous_5)
FNDA:23,(anonymous_6)
FNDA:23,(anonymous_7)
FNDA:19,(anonymous_8)
FNDA:12,(anonymous_9)
FNDA:10,(anonymous_10)
FNDA:6,(anonymous_11)
FNDA:1,(anonymous_12)
FNDA:2,(anonymous_13)
DA:16,1
DA:22,1
DA:28,21
DA:29,21
DA:44,28
DA:45,5
DA:49,23
DA:50,0
DA:51,0
DA:55,23
DA:56,4
DA:57,4
DA:61,19
DA:62,7
DA:63,7
DA:67,12
DA:68,2
DA:69,2
DA:73,10
DA:74,1
DA:75,1
DA:78,9
DA:85,23
DA:92,6
DA:99,1
DA:112,3
DA:126,23
DA:130,23
DA:134,19
DA:137,19
DA:138,6
DA:141,13
DA:142,13
DA:146,13
DA:150,12
DA:153,12
DA:154,6
DA:160,6
DA:164,10
DA:167,10
DA:168,8
DA:173,6
DA:180,1
DA:187,2
LF:44
LH:42
BRDA:27,0,0,20
BRDA:44,1,0,5
BRDA:44,2,0,28
BRDA:44,2,1,27
BRDA:49,3,0,0
BRDA:55,4,0,4
BRDA:61,5,0,7
BRDA:67,6,0,2
BRDA:73,7,0,1
BRDA:137,8,0,6
BRDA:146,9,0,13
BRDA:146,9,1,8
BRDA:153,10,0,6
BRDA:160,11,0,6
BRDA:160,11,1,3
BRDA:167,12,0,8
BRF:16
BRH:15
end_of_record
TN:
SF:src/lib/sentry.service.ts
FN:21,initializeSentry
FN:50,(anonymous_11)
FN:61,(anonymous_12)
FN:100,(anonymous_13)
FN:102,(anonymous_14)
FN:110,(anonymous_15)
FN:112,(anonymous_16)
FN:120,(anonymous_17)
FN:122,(anonymous_18)
FN:125,(anonymous_19)
FN:135,captureException
FN:149,captureMessage
FN:164,addBreadcrumb
FN:186,setUser
FN:202,clearUser
FN:213,setContext
FN:224,setTag
FN:235,setTags
FN:246,startTransaction
FN:260,wrapAsync
FN:268,(anonymous_30)
FN:291,flush
FN:302,close
FN:313,getHealth
FNF:24
FNH:0
FNDA:0,initializeSentry
FNDA:0,(anonymous_11)
FNDA:0,(anonymous_12)
FNDA:0,(anonymous_13)
FNDA:0,(anonymous_14)
FNDA:0,(anonymous_15)
FNDA:0,(anonymous_16)
FNDA:0,(anonymous_17)
FNDA:0,(anonymous_18)
FNDA:0,(anonymous_19)
FNDA:0,captureException
FNDA:0,captureMessage
FNDA:0,addBreadcrumb
FNDA:0,setUser
FNDA:0,clearUser
FNDA:0,setContext
FNDA:0,setTag
FNDA:0,setTags
FNDA:0,startTransaction
FNDA:0,wrapAsync
FNDA:0,(anonymous_30)
FNDA:0,flush
FNDA:0,close
FNDA:0,getHealth
DA:12,0
DA:13,0
DA:15,0
DA:16,0
DA:21,0
DA:22,0
DA:23,0
DA:24,0
DA:27,0
DA:28,0
DA:29,0
DA:32,0
DA:51,0
DA:52,0
DA:63,0
DA:65,0
DA:67,0
DA:68,0
DA:72,0
DA:73,0
DA:77,0
DA:78,0
DA:82,0
DA:94,0
DA:100,0
DA:101,0
DA:102,0
DA:104,0
DA:110,0
DA:111,0
DA:112,0
DA:114,0
DA:120,0
DA:121,0
DA:122,0
DA:124,0
DA:127,0
DA:135,0
DA:136,0
DA:137,0
DA:138,0
DA:141,0
DA:149,0
DA:150,0
DA:151,0
DA:152,0
DA:155,0
DA:164,0
DA:170,0
DA:171,0
DA:174,0
DA:186,0
DA:192,0
DA:193,0
DA:196,0
DA:202,0
DA:203,0
DA:204,0
DA:207,0
DA:213,0
DA:214,0
DA:215,0
DA:218,0
DA:224,0
DA:225,0
DA:226,0
DA:229,0
DA:235,0
DA:236,0
DA:237,0
DA:240,0
DA:246,0
DA:247,0
DA:248,0
DA:251,0
DA:260,0
DA:264,0
DA:265,0
DA:268,0
DA:269,0
DA:274,0
DA:275,0
DA:276,0
DA:277,0
DA:279,0
DA:280,0
DA:281,0
DA:283,0
DA:291,0
DA:292,0
DA:293,0
DA:296,0
DA:302,0
DA:303,0
DA:304,0
DA:307,0
DA:313,0
DA:319,0
DA:328,0
LF:99
LH:0
BRDA:22,0,0,0
BRDA:27,1,0,0
BRDA:65,2,0,0
BRDA:67,3,0,0
BRDA:72,4,0,0
BRDA:72,5,0,0
BRDA:72,5,1,0
BRDA:77,6,0,0
BRDA:77,7,0,0
BRDA:77,7,1,0
BRDA:86,8,0,0
BRDA:86,8,1,0
BRDA:101,9,0,0
BRDA:111,10,0,0
BRDA:121,11,0,0
BRDA:136,12,0,0
BRDA:149,13,0,0
BRDA:150,14,0,0
BRDA:170,15,0,0
BRDA:176,16,0,0
BRDA:176,16,1,0
BRDA:177,17,0,0
BRDA:177,17,1,0
BRDA:192,18,0,0
BRDA:203,19,0,0
BRDA:214,20,0,0
BRDA:225,21,0,0
BRDA:236,22,0,0
BRDA:247,23,0,0
BRDA:264,24,0,0
BRDA:270,25,0,0
BRDA:270,25,1,0
BRDA:270,25,2,0
BRDA:291,26,0,0
BRDA:292,27,0,0
BRDA:302,28,0,0
BRDA:303,29,0,0
BRDA:321,30,0,0
BRDA:321,30,1,0
BRDA:323,31,0,0
BRDA:323,31,1,0
BRF:41
BRH:0
end_of_record
TN:
SF:src/lib/tcad-scraper.ts
FN:22,(anonymous_1)
FN:56,(anonymous_2)
FN:91,(anonymous_3)
FN:95,(anonymous_4)
FN:100,(anonymous_5)
FN:120,(anonymous_6)
FN:165,(anonymous_7)
FN:187,(anonymous_8)
FN:337,(anonymous_9)
FN:364,(anonymous_10)
FN:383,(anonymous_11)
FN:428,(anonymous_12)
FN:443,(anonymous_13)
FN:456,(anonymous_14)
FN:466,(anonymous_15)
FN:518,(anonymous_16)
FN:531,(anonymous_17)
FN:533,(anonymous_18)
FN:620,(anonymous_19)
FN:630,(anonymous_20)
FNF:20
FNH:0
FNDA:0,(anonymous_1)
FNDA:0,(anonymous_2)
FNDA:0,(anonymous_3)
FNDA:0,(anonymous_4)
FNDA:0,(anonymous_5)
FNDA:0,(anonymous_6)
FNDA:0,(anonymous_7)
FNDA:0,(anonymous_8)
FNDA:0,(anonymous_9)
FNDA:0,(anonymous_10)
FNDA:0,(anonymous_11)
FNDA:0,(anonymous_12)
FNDA:0,(anonymous_13)
FNDA:0,(anonymous_14)
FNDA:0,(anonymous_15)
FNDA:0,(anonymous_16)
FNDA:0,(anonymous_17)
FNDA:0,(anonymous_18)
FNDA:0,(anonymous_19)
FNDA:0,(anonymous_20)
DA:1,0
DA:2,0
DA:4,0
DA:5,0
DA:6,0
DA:8,0
DA:18,0
DA:19,0
DA:24,0
DA:26,0
DA:28,0
DA:33,0
DA:34,0
DA:36,0
DA:41,0
DA:44,0
DA:57,0
DA:58,0
DA:59,0
DA:61,0
DA:74,0
DA:75,0
DA:80,0
DA:83,0
DA:84,0
DA:86,0
DA:87,0
DA:92,0
DA:99,0
DA:100,0
DA:121,0
DA:122,0
DA:125,0
DA:127,0
DA:128,0
DA:129,0
DA:131,0
DA:138,0
DA:140,0
DA:145,0
DA:148,0
DA:149,0
DA:150,0
DA:151,0
DA:156,0
DA:157,0
DA:160,0
DA:161,0
DA:163,0
DA:165,0
DA:166,0
DA:167,0
DA:170,0
DA:175,0
DA:176,0
DA:180,0
DA:185,0
DA:187,0
DA:188,0
DA:189,0
DA:193,0
DA:194,0
DA:195,0
DA:196,0
DA:197,0
DA:199,0
DA:200,0
DA:203,0
DA:208,0
DA:332,0
DA:334,0
DA:337,0
DA:349,0
DA:351,0
DA:354,0
DA:358,0
DA:359,0
DA:361,0
DA:362,0
DA:363,0
DA:364,0
DA:369,0
DA:384,0
DA:386,0
DA:387,0
DA:388,0
DA:389,0
DA:390,0
DA:392,0
DA:393,0
DA:395,0
DA:396,0
DA:402,0
DA:403,0
DA:405,0
DA:406,0
DA:429,0
DA:430,0
DA:433,0
DA:438,0
DA:441,0
DA:443,0
DA:444,0
DA:446,0
DA:447,0
DA:452,0
DA:456,0
DA:457,0
DA:458,0
DA:459,0
DA:460,0
DA:461,0
DA:462,0
DA:463,0
DA:466,0
DA:467,0
DA:468,0
DA:477,0
DA:479,0
DA:484,0
DA:487,0
DA:488,0
DA:491,0
DA:492,0
DA:495,0
DA:498,0
DA:500,0
DA:501,0
DA:503,0
DA:504,0
DA:505,0
DA:506,0
DA:508,0
DA:509,0
DA:514,0
DA:519,0
DA:521,0
DA:522,0
DA:528,0
DA:531,0
DA:533,0
DA:535,0
DA:537,0
DA:538,0
DA:539,0
DA:540,0
DA:542,0
DA:545,0
DA:546,0
DA:547,0
DA:551,0
DA:552,0
DA:553,0
DA:554,0
DA:559,0
DA:560,0
DA:561,0
DA:562,0
DA:563,0
DA:564,0
DA:570,0
DA:573,0
DA:577,0
DA:578,0
DA:579,0
DA:580,0
DA:583,0
DA:586,0
DA:589,0
DA:591,0
DA:593,0
DA:594,0
DA:596,0
DA:609,0
DA:615,0
DA:616,0
DA:621,0
DA:622,0
DA:623,0
DA:624,0
DA:625,0
DA:631,0
DA:632,0
DA:633,0
DA:634,0
DA:636,0
DA:641,0
DA:642,0
DA:644,0
DA:645,0
DA:647,0
DA:653,0
LF:192
LH:0
BRDA:26,0,0,0
BRDA:26,0,1,0
BRDA:26,1,0,0
BRDA:26,1,1,0
BRDA:34,2,0,0
BRDA:34,3,0,0
BRDA:34,3,1,0
BRDA:59,4,0,0
BRDA:59,4,1,0
BRDA:63,5,0,0
BRDA:63,5,1,0
BRDA:74,6,0,0
BRDA:96,7,0,0
BRDA:97,8,0,0
BRDA:120,9,0,0
BRDA:121,10,0,0
BRDA:148,11,0,0
BRDA:150,12,0,0
BRDA:156,13,0,0
BRDA:157,14,0,0
BRDA:157,14,1,0
BRDA:160,15,0,0
BRDA:160,15,1,0
BRDA:170,16,0,0
BRDA:170,17,0,0
BRDA:170,17,1,0
BRDA:170,17,2,0
BRDA:170,17,3,0
BRDA:170,17,4,0
BRDA:189,18,0,0
BRDA:189,18,1,0
BRDA:199,19,0,0
BRDA:338,20,0,0
BRDA:338,20,1,0
BRDA:339,21,0,0
BRDA:339,21,1,0
BRDA:340,22,0,0
BRDA:340,22,1,0
BRDA:341,23,0,0
BRDA:341,23,1,0
BRDA:342,24,0,0
BRDA:342,24,1,0
BRDA:343,25,0,0
BRDA:343,25,1,0
BRDA:344,26,0,0
BRDA:344,26,1,0
BRDA:345,27,0,0
BRDA:345,27,1,0
BRDA:346,28,0,0
BRDA:346,28,1,0
BRDA:361,29,0,0
BRDA:369,30,0,0
BRDA:369,30,1,0
BRDA:383,31,0,0
BRDA:429,32,0,0
BRDA:446,33,0,0
BRDA:446,34,0,0
BRDA:446,34,1,0
BRDA:446,34,2,0
BRDA:446,34,3,0
BRDA:450,35,0,0
BRDA:450,35,1,0
BRDA:458,36,0,0
BRDA:458,37,0,0
BRDA:458,37,1,0
BRDA:458,37,2,0
BRDA:458,37,3,0
BRDA:460,38,0,0
BRDA:460,38,1,0
BRDA:461,39,0,0
BRDA:466,40,0,0
BRDA:466,40,1,0
BRDA:467,41,0,0
BRDA:505,42,0,0
BRDA:508,43,0,0
BRDA:540,44,0,0
BRDA:540,44,1,0
BRDA:542,45,0,0
BRDA:546,46,0,0
BRDA:546,47,0,0
BRDA:546,47,1,0
BRDA:551,48,0,0
BRDA:553,49,0,0
BRDA:553,50,0,0
BRDA:553,50,1,0
BRDA:559,51,0,0
BRDA:561,52,0,0
BRDA:563,53,0,0
BRDA:564,54,0,0
BRDA:564,54,1,0
BRDA:577,55,0,0
BRDA:577,55,1,0
BRDA:577,55,2,0
BRDA:578,56,0,0
BRDA:578,56,1,0
BRDA:578,56,2,0
BRDA:579,57,0,0
BRDA:579,57,1,0
BRDA:579,57,2,0
BRDA:580,58,0,0
BRDA:580,58,1,0
BRDA:580,58,2,0
BRDA:580,58,3,0
BRDA:583,59,0,0
BRDA:583,59,1,0
BRDA:583,59,2,0
BRDA:583,59,3,0
BRDA:586,60,0,0
BRDA:586,60,1,0
BRDA:589,61,0,0
BRDA:589,61,1,0
BRDA:589,61,2,0
BRDA:591,62,0,0
BRDA:591,62,1,0
BRDA:593,63,0,0
BRDA:593,63,1,0
BRDA:593,63,2,0
BRDA:594,64,0,0
BRDA:594,64,1,0
BRDA:594,64,2,0
BRDA:621,65,0,0
BRF:121
BRH:0
end_of_record
TN:
SF:src/lib/fallback/dom-scraper.ts
FN:43,humanDelay
FN:48,(anonymous_2)
FN:54,scrapePropertyDetail
FN:64,(anonymous_4)
FN:65,(anonymous_5)
FN:155,scrapeDOMFallback
FN:193,(anonymous_7)
FN:209,(anonymous_8)
FN:220,(anonymous_9)
FN:234,(anonymous_10)
FN:300,(anonymous_11)
FNF:11
FNH:0
FNDA:0,humanDelay
FNDA:0,(anonymous_2)
FNDA:0,scrapePropertyDetail
FNDA:0,(anonymous_4)
FNDA:0,(anonymous_5)
FNDA:0,scrapeDOMFallback
FNDA:0,(anonymous_7)
FNDA:0,(anonymous_8)
FNDA:0,(anonymous_9)
FNDA:0,(anonymous_10)
FNDA:0,(anonymous_11)
DA:26,0
DA:28,0
DA:30,0
DA:47,0
DA:48,0
DA:55,0
DA:56,0
DA:57,0
DA:62,0
DA:64,0
DA:65,0
DA:66,0
DA:68,0
DA:69,0
DA:70,0
DA:71,0
DA:73,0
DA:74,0
DA:75,0
DA:76,0
DA:79,0
DA:80,0
DA:81,0
DA:82,0
DA:86,0
DA:87,0
DA:88,0
DA:89,0
DA:90,0
DA:91,0
DA:97,0
DA:100,0
DA:103,0
DA:104,0
DA:105,0
DA:106,0
DA:108,0
DA:111,0
DA:113,0
DA:115,0
DA:117,0
DA:118,0
DA:120,0
DA:132,0
DA:138,0
DA:139,0
DA:155,0
DA:161,0
DA:163,0
DA:165,0
DA:166,0
DA:167,0
DA:169,0
DA:176,0
DA:178,0
DA:185,0
DA:186,0
DA:191,0
DA:193,0
DA:194,0
DA:195,0
DA:198,0
DA:199,0
DA:201,0
DA:202,0
DA:203,0
DA:204,0
DA:205,0
DA:206,0
DA:208,0
DA:210,0
DA:211,0
DA:213,0
DA:218,0
DA:220,0
DA:221,0
DA:222,0
DA:223,0
DA:226,0
DA:227,0
DA:228,0
DA:229,0
DA:232,0
DA:234,0
DA:235,0
DA:236,0
DA:238,0
DA:239,0
DA:240,0
DA:241,0
DA:242,0
DA:244,0
DA:245,0
DA:248,0
DA:251,0
DA:254,0
DA:256,0
DA:257,0
DA:258,0
DA:260,0
DA:261,0
DA:263,0
DA:264,0
DA:266,0
DA:268,0
DA:269,0
DA:270,0
DA:272,0
DA:275,0
DA:278,0
DA:279,0
DA:283,0
DA:284,0
DA:286,0
DA:287,0
DA:290,0
DA:294,0
DA:295,0
DA:297,0
DA:298,0
DA:299,0
DA:300,0
DA:305,0
LF:123
LH:0
BRDA:44,0,0,0
BRDA:45,1,0,0
BRDA:71,2,0,0
BRDA:71,2,1,0
BRDA:73,3,0,0
BRDA:75,4,0,0
BRDA:75,5,0,0
BRDA:75,5,1,0
BRDA:79,6,0,0
BRDA:81,7,0,0
BRDA:81,8,0,0
BRDA:81,8,1,0
BRDA:86,9,0,0
BRDA:88,10,0,0
BRDA:90,11,0,0
BRDA:91,12,0,0
BRDA:91,12,1,0
BRDA:103,13,0,0
BRDA:103,13,1,0
BRDA:103,13,2,0
BRDA:104,14,0,0
BRDA:104,14,1,0
BRDA:104,14,2,0
BRDA:105,15,0,0
BRDA:105,15,1,0
BRDA:105,15,2,0
BRDA:106,16,0,0
BRDA:106,16,1,0
BRDA:106,16,2,0
BRDA:106,16,3,0
BRDA:108,17,0,0
BRDA:108,17,1,0
BRDA:108,17,2,0
BRDA:108,17,3,0
BRDA:111,18,0,0
BRDA:111,18,1,0
BRDA:113,19,0,0
BRDA:113,19,1,0
BRDA:113,19,2,0
BRDA:115,20,0,0
BRDA:115,20,1,0
BRDA:117,21,0,0
BRDA:117,21,1,0
BRDA:117,21,2,0
BRDA:118,22,0,0
BRDA:118,22,1,0
BRDA:118,22,2,0
BRDA:159,23,0,0
BRDA:195,24,0,0
BRDA:195,24,1,0
BRDA:211,25,0,0
BRDA:211,25,1,0
BRDA:213,26,0,0
BRDA:213,26,1,0
BRDA:223,27,0,0
BRDA:223,27,1,0
BRDA:226,28,0,0
BRDA:242,29,0,0
BRDA:242,29,1,0
BRDA:244,30,0,0
BRDA:268,31,0,0
BRDA:268,31,1,0
BRDA:297,32,0,0
BRDA:305,33,0,0
BRDA:305,33,1,0
BRF:65
BRH:0
end_of_record
TN:
SF:src/middleware/auth.ts
FN:13,(anonymous_1)
FN:29,(anonymous_2)
FN:52,(anonymous_3)
FN:69,(anonymous_4)
FNF:4
FNH:4
FNDA:5,(anonymous_1)
FNDA:7,(anonymous_2)
FNDA:4,(anonymous_3)
FNDA:3,(anonymous_4)
DA:2,1
DA:3,1
DA:13,1
DA:14,5
DA:17,5
DA:18,1
DA:21,4
DA:22,3
DA:25,1
DA:29,1
DA:30,7
DA:31,7
DA:34,7
DA:35,1
DA:38,6
DA:39,2
DA:42,4
DA:43,4
DA:44,2
DA:45,2
DA:47,2
DA:52,1
DA:53,4
DA:54,4
DA:56,4
DA:57,2
DA:58,2
DA:59,1
DA:65,4
DA:69,1
DA:70,3
LF:31
LH:31
BRDA:17,0,0,1
BRDA:17,1,0,5
BRDA:17,1,1,2
BRDA:17,1,2,1
BRDA:21,2,0,3
BRDA:21,3,0,4
BRDA:21,3,1,2
BRDA:31,4,0,7
BRDA:31,4,1,5
BRDA:34,5,0,1
BRDA:34,6,0,7
BRDA:34,6,1,1
BRDA:34,6,2,1
BRDA:38,7,0,2
BRDA:54,8,0,4
BRDA:54,8,1,3
BRDA:56,9,0,2
BRDA:56,10,0,4
BRDA:56,10,1,3
BRF:19
BRH:19
end_of_record
TN:
SF:src/middleware/error.middleware.ts
FN:7,(anonymous_1)
FN:10,(anonymous_2)
FN:18,(anonymous_3)
FN:52,(anonymous_4)
FNF:4
FNH:4
FNDA:3,(anonymous_1)
FNDA:3,(anonymous_2)
FNDA:6,(anonymous_3)
FNDA:7,(anonymous_4)
DA:2,1
DA:7,1
DA:10,3
DA:11,3
DA:18,1
DA:24,6
DA:27,6
DA:28,1
DA:34,5
DA:35,1
DA:42,4
DA:52,1
DA:53,7
LF:13
LH:13
BRDA:27,0,0,1
BRDA:34,1,0,1
BRDA:44,2,0,1
BRDA:44,2,1,3
BRDA:45,3,0,4
BRDA:45,3,1,1
BRF:6
BRH:6
end_of_record
TN:
SF:src/middleware/metrics.middleware.ts
FN:14,getRoutePattern
FN:28,metricsMiddleware
FN:32,(anonymous_2)
FNF:3
FNH:3
FNDA:21,getRoutePattern
FNDA:22,metricsMiddleware
FNDA:21,(anonymous_2)
DA:8,1
DA:16,21
DA:17,19
DA:21,2
DA:28,1
DA:29,22
DA:32,22
DA:33,21
DA:34,21
DA:35,21
DA:36,21
DA:38,21
DA:41,22
LF:13
LH:13
BRDA:16,0,0,19
BRF:1
BRH:1
end_of_record
TN:
SF:src/middleware/validation.middleware.ts
FN:7,(anonymous_0)
FN:8,(anonymous_1)
FN:21,(anonymous_2)
FN:35,(anonymous_3)
FN:36,(anonymous_4)
FN:37,(anonymous_5)
FNF:6
FNH:6
FNDA:15,(anonymous_0)
FNDA:15,(anonymous_1)
FNDA:8,(anonymous_2)
FNDA:1,(anonymous_3)
FNDA:1,(anonymous_4)
FNDA:1,(anonymous_5)
DA:2,1
DA:7,1
DA:8,15
DA:9,15
DA:10,15
DA:11,15
DA:14,9
DA:16,9
DA:18,6
DA:19,5
DA:21,8
DA:27,1
DA:35,1
DA:36,1
DA:37,1
LF:15
LH:15
BRDA:7,0,0,0
BRDA:18,1,0,5
BRF:2
BRH:1
end_of_record
TN:
SF:src/middleware/xcontroller.middleware.ts
FN:14,generateNonce
FN:22,encodeJsonForHtml
FN:35,nonceMiddleware
FN:44,cspMiddleware
FN:94,generateSecureHtml
FN:147,getInitialAppData
FNF:6
FNH:6
FNDA:8,generateNonce
FNDA:8,encodeJsonForHtml
FNDA:4,nonceMiddleware
FNDA:11,cspMiddleware
FNDA:6,generateSecureHtml
FNDA:6,getInitialAppData
DA:6,1
DA:8,1
DA:9,1
DA:14,1
DA:15,8
DA:22,1
DA:23,8
DA:35,1
DA:36,4
DA:37,4
DA:44,1
DA:45,11
DA:47,11
DA:48,0
DA:52,11
DA:53,11
DA:54,11
DA:70,11
DA:74,11
DA:75,11
DA:76,11
DA:77,11
DA:80,11
DA:81,1
DA:87,11
DA:94,1
DA:101,6
DA:103,6
DA:104,6
DA:105,2
DA:106,2
DA:113,6
DA:147,1
DA:148,6
LF:34
LH:33
BRDA:47,0,0,0
BRDA:52,1,0,11
BRDA:56,2,0,11
BRDA:56,2,1,0
BRDA:59,3,0,11
BRDA:59,3,1,0
BRDA:80,4,0,1
BRDA:80,5,0,11
BRDA:80,5,1,2
BRDA:83,6,0,1
BRDA:83,6,1,0
BRDA:104,7,0,2
BRDA:119,8,0,1
BRDA:119,8,1,5
BRF:14
BRH:10
end_of_record
TN:
SF:src/queues/scraper.queue.ts
FN:39,(anonymous_1)
FN:198,(anonymous_2)
FN:202,(anonymous_3)
FN:206,(anonymous_4)
FN:211,(anonymous_5)
FN:224,canScheduleJob
FNF:6
FNH:0
FNDA:0,(anonymous_1)
FNDA:0,(anonymous_2)
FNDA:0,(anonymous_3)
FNDA:0,(anonymous_4)
FNDA:0,(anonymous_5)
FNDA:0,canScheduleJob
DA:1,0
DA:2,0
DA:4,0
DA:5,0
DA:6,0
DA:7,0
DA:9,0
DA:20,0
DA:39,0
DA:40,0
DA:41,0
DA:43,0
DA:46,0
DA:53,0
DA:57,0
DA:59,0
DA:60,0
DA:64,0
DA:65,0
DA:68,0
DA:72,0
DA:74,0
DA:76,0
DA:78,0
DA:79,0
DA:82,0
DA:83,0
DA:84,0
DA:85,0
DA:87,0
DA:88,0
DA:94,0
DA:110,0
DA:114,0
DA:135,0
DA:137,0
DA:138,0
DA:142,0
DA:145,0
DA:148,0
DA:158,0
DA:159,0
DA:163,0
DA:165,0
DA:166,0
DA:173,0
DA:175,0
DA:178,0
DA:181,0
DA:190,0
DA:193,0
DA:198,0
DA:199,0
DA:202,0
DA:203,0
DA:206,0
DA:207,0
DA:211,0
DA:212,0
DA:213,0
DA:214,0
DA:215,0
DA:217,0
DA:222,0
DA:224,0
DA:225,0
DA:227,0
DA:228,0
DA:231,0
DA:234,0
DA:235,0
DA:236,0
DA:240,0
LF:73
LH:0
BRDA:54,0,0,0
BRDA:54,0,1,0
BRDA:74,1,0,0
BRDA:185,2,0,0
BRDA:185,2,1,0
BRDA:227,3,0,0
BRDA:227,4,0,0
BRDA:227,4,1,0
BRDA:235,5,0,0
BRF:9
BRH:0
end_of_record
TN:
SF:src/routes/app.routes.ts
FN:23,(anonymous_1)
FN:48,(anonymous_2)
FNF:2
FNH:0
FNDA:0,(anonymous_1)
FNDA:0,(anonymous_2)
DA:5,0
DA:6,0
DA:12,0
DA:14,0
DA:19,0
DA:24,0
DA:25,0
DA:26,0
DA:28,0
DA:36,0
DA:37,0
DA:39,0
DA:40,0
DA:48,0
DA:49,0
DA:55,0
LF:16
LH:0
BRF:0
BRH:0
end_of_record
TN:
SF:src/routes/property.routes.ts
FNF:0
FNH:0
DA:1,0
DA:2,0
DA:3,0
DA:4,0
DA:5,0
DA:13,0
DA:77,0
DA:115,0
DA:176,0
DA:265,0
DA:325,0
DA:362,0
DA:423,0
DA:487,0
DA:532,0
DA:537,0
LF:16
LH:0
BRF:0
BRH:0
end_of_record
TN:
SF:src/schedulers/scrape-scheduler.ts
FN:19,(anonymous_1)
FN:23,(anonymous_2)
FN:31,(anonymous_3)
FN:39,(anonymous_4)
FN:47,(anonymous_5)
FN:56,(anonymous_6)
FN:61,(anonymous_7)
FN:107,(anonymous_8)
FN:134,(anonymous_9)
FN:136,(anonymous_10)
FN:141,(anonymous_11)
FNF:11
FNH:0
FNDA:0,(anonymous_1)
FNDA:0,(anonymous_2)
FNDA:0,(anonymous_3)
FNDA:0,(anonymous_4)
FNDA:0,(anonymous_5)
FNDA:0,(anonymous_6)
FNDA:0,(anonymous_7)
FNDA:0,(anonymous_8)
FNDA:0,(anonymous_9)
FNDA:0,(anonymous_10)
FNDA:0,(anonymous_11)
DA:1,0
DA:2,0
DA:3,0
DA:4,0
DA:6,0
DA:17,0
DA:20,0
DA:23,0
DA:24,0
DA:31,0
DA:32,0
DA:39,0
DA:40,0
DA:47,0
DA:48,0
DA:53,0
DA:56,0
DA:58,0
DA:62,0
DA:63,0
DA:65,0
DA:72,0
DA:74,0
DA:76,0
DA:78,0
DA:95,0
DA:100,0
DA:103,0
DA:108,0
DA:109,0
DA:112,0
DA:113,0
DA:115,0
DA:124,0
DA:125,0
DA:126,0
DA:128,0
DA:130,0
DA:135,0
DA:136,0
DA:137,0
DA:142,0
DA:146,0
LF:43
LH:0
BRF:0
BRH:0
end_of_record
TN:
SF:src/services/code-complexity.service.ts
FN:74,analyzeFile
FN:141,calculateCyclomaticComplexity
FN:180,(anonymous_12)
FN:189,estimateMaxFunctionLines
FN:230,calculateMaintainabilityIndex
FN:252,calculateTechnicalDebtRatio
FN:272,analyzeCodebase
FN:304,(anonymous_17)
FN:305,(anonymous_18)
FN:306,(anonymous_19)
FN:307,(anonymous_20)
FN:308,(anonymous_21)
FN:312,(anonymous_22)
FN:313,(anonymous_23)
FN:316,(anonymous_24)
FN:320,(anonymous_25)
FN:323,(anonymous_26)
FN:336,(anonymous_27)
FN:338,(anonymous_28)
FN:370,updateComplexityMetrics
FN:388,startPeriodicAnalysis
FN:392,(anonymous_31)
FN:397,(anonymous_32)
FN:398,(anonymous_33)
FN:408,stopPeriodicAnalysis
FNF:25
FNH:0
FNDA:0,analyzeFile
FNDA:0,calculateCyclomaticComplexity
FNDA:0,(anonymous_12)
FNDA:0,estimateMaxFunctionLines
FNDA:0,calculateMaintainabilityIndex
FNDA:0,calculateTechnicalDebtRatio
FNDA:0,analyzeCodebase
FNDA:0,(anonymous_17)
FNDA:0,(anonymous_18)
FNDA:0,(anonymous_19)
FNDA:0,(anonymous_20)
FNDA:0,(anonymous_21)
FNDA:0,(anonymous_22)
FNDA:0,(anonymous_23)
FNDA:0,(anonymous_24)
FNDA:0,(anonymous_25)
FNDA:0,(anonymous_26)
FNDA:0,(anonymous_27)
FNDA:0,(anonymous_28)
FNDA:0,updateComplexityMetrics
FNDA:0,startPeriodicAnalysis
FNDA:0,(anonymous_31)
FNDA:0,(anonymous_32)
FNDA:0,(anonymous_33)
FNDA:0,stopPeriodicAnalysis
DA:19,0
DA:20,0
DA:21,0
DA:22,0
DA:23,0
DA:40,0
DA:75,0
DA:76,0
DA:78,0
DA:79,0
DA:80,0
DA:81,0
DA:84,0
DA:85,0
DA:87,0
DA:88,0
DA:89,0
DA:90,0
DA:91,0
DA:92,0
DA:93,0
DA:94,0
DA:96,0
DA:97,0
DA:99,0
DA:100,0
DA:101,0
DA:102,0
DA:105,0
DA:110,0
DA:111,0
DA:114,0
DA:115,0
DA:118,0
DA:121,0
DA:123,0
DA:143,0
DA:145,0
DA:147,0
DA:148,0
DA:151,0
DA:152,0
DA:153,0
DA:154,0
DA:155,0
DA:156,0
DA:157,0
DA:158,0
DA:159,0
DA:162,0
DA:173,0
DA:176,0
DA:177,0
DA:180,0
DA:181,0
DA:183,0
DA:190,0
DA:191,0
DA:192,0
DA:193,0
DA:194,0
DA:196,0
DA:197,0
DA:200,0
DA:201,0
DA:202,0
DA:205,0
DA:206,0
DA:209,0
DA:210,0
DA:213,0
DA:214,0
DA:215,0
DA:216,0
DA:221,0
DA:234,0
DA:237,0
DA:245,0
DA:257,0
DA:258,0
DA:260,0
DA:262,0
DA:272,0
DA:275,0
DA:277,0
DA:282,0
DA:284,0
DA:290,0
DA:293,0
DA:294,0
DA:295,0
DA:296,0
DA:297,0
DA:299,0
DA:304,0
DA:305,0
DA:306,0
DA:307,0
DA:308,0
DA:311,0
DA:312,0
DA:313,0
DA:315,0
DA:316,0
DA:320,0
DA:323,0
DA:326,0
DA:329,0
DA:335,0
DA:336,0
DA:338,0
DA:343,0
DA:358,0
DA:360,0
DA:362,0
DA:363,0
DA:370,0
DA:373,0
DA:374,0
DA:375,0
DA:376,0
DA:378,0
DA:379,0
DA:386,0
DA:388,0
DA:389,0
DA:392,0
DA:393,0
DA:397,0
DA:398,0
DA:399,0
DA:403,0
DA:408,0
DA:409,0
DA:410,0
DA:411,0
DA:412,0
DA:420,0
LF:138
LH:0
BRDA:87,0,0,0
BRDA:87,0,1,0
BRDA:89,1,0,0
BRDA:89,1,1,0
BRDA:91,2,0,0
BRDA:91,2,1,0
BRDA:91,3,0,0
BRDA:91,3,1,0
BRDA:93,4,0,0
BRDA:96,5,0,0
BRDA:99,6,0,0
BRDA:99,6,1,0
BRDA:101,7,0,0
BRDA:110,8,0,0
BRDA:110,8,1,0
BRDA:114,9,0,0
BRDA:114,9,1,0
BRDA:148,10,0,0
BRDA:151,11,0,0
BRDA:151,11,1,0
BRDA:152,12,0,0
BRDA:152,12,1,0
BRDA:153,13,0,0
BRDA:153,13,1,0
BRDA:154,14,0,0
BRDA:154,14,1,0
BRDA:155,15,0,0
BRDA:155,15,1,0
BRDA:156,16,0,0
BRDA:156,16,1,0
BRDA:157,17,0,0
BRDA:157,17,1,0
BRDA:158,18,0,0
BRDA:158,18,1,0
BRDA:159,19,0,0
BRDA:159,19,1,0
BRDA:176,20,0,0
BRDA:200,21,0,0
BRDA:205,22,0,0
BRDA:209,23,0,0
BRDA:209,23,1,0
BRDA:210,24,0,0
BRDA:210,24,1,0
BRDA:213,25,0,0
BRDA:213,26,0,0
BRDA:213,26,1,0
BRDA:234,27,0,0
BRDA:273,28,0,0
BRDA:315,29,0,0
BRDA:315,29,1,0
BRDA:409,30,0,0
BRF:51
BRH:0
end_of_record
TN:
SF:src/services/search-term-optimizer.ts
FN:71,(anonymous_1)
FN:79,(anonymous_2)
FN:102,(anonymous_3)
FN:167,(anonymous_4)
FN:201,(anonymous_5)
FN:207,(anonymous_6)
FN:228,(anonymous_7)
FN:229,(anonymous_8)
FN:230,(anonymous_9)
FN:256,(anonymous_10)
FN:301,(anonymous_11)
FN:331,(anonymous_12)
FN:333,(anonymous_13)
FN:342,(anonymous_14)
FNF:14
FNH:1
FNDA:1,(anonymous_1)
FNDA:0,(anonymous_2)
FNDA:0,(anonymous_3)
FNDA:0,(anonymous_4)
FNDA:0,(anonymous_5)
FNDA:0,(anonymous_6)
FNDA:0,(anonymous_7)
FNDA:0,(anonymous_8)
FNDA:0,(anonymous_9)
FNDA:0,(anonymous_10)
FNDA:0,(anonymous_11)
FNDA:0,(anonymous_12)
FNDA:0,(anonymous_13)
FNDA:0,(anonymous_14)
DA:1,1
DA:2,1
DA:4,1
DA:11,1
DA:68,1
DA:72,1
DA:81,0
DA:83,0
DA:85,0
DA:86,0
DA:90,0
DA:91,0
DA:108,0
DA:112,0
DA:114,0
DA:115,0
DA:116,0
DA:117,0
DA:118,0
DA:119,0
DA:120,0
DA:122,0
DA:141,0
DA:142,0
DA:143,0
DA:145,0
DA:175,0
DA:177,0
DA:182,0
DA:183,0
DA:186,0
DA:187,0
DA:188,0
DA:189,0
DA:192,0
DA:201,0
DA:215,0
DA:217,0
DA:218,0
DA:228,0
DA:229,0
DA:230,0
DA:232,0
DA:237,0
DA:243,0
DA:264,0
DA:266,0
DA:268,0
DA:269,0
DA:270,0
DA:278,0
DA:279,0
DA:280,0
DA:281,0
DA:285,0
DA:286,0
DA:287,0
DA:295,0
DA:303,0
DA:309,0
DA:310,0
DA:314,0
DA:316,0
DA:318,0
DA:320,0
DA:323,0
DA:324,0
DA:325,0
DA:331,0
DA:332,0
DA:333,0
DA:336,0
DA:343,0
DA:344,0
DA:348,1
LF:75
LH:7
BRDA:72,0,0,1
BRDA:72,0,1,1
BRDA:83,1,0,0
BRDA:112,2,0,0
BRDA:112,2,1,0
BRDA:115,3,0,0
BRDA:115,3,1,0
BRDA:116,4,0,0
BRDA:116,4,1,0
BRDA:118,5,0,0
BRDA:118,5,1,0
BRDA:131,6,0,0
BRDA:131,6,1,0
BRDA:141,7,0,0
BRDA:141,7,1,0
BRDA:142,8,0,0
BRDA:142,8,1,0
BRDA:150,9,0,0
BRDA:150,9,1,0
BRDA:151,10,0,0
BRDA:151,10,1,0
BRDA:155,11,0,0
BRDA:155,11,1,0
BRDA:167,12,0,0
BRDA:169,13,0,0
BRDA:170,14,0,0
BRDA:171,15,0,0
BRDA:172,16,0,0
BRDA:173,17,0,0
BRDA:174,18,0,0
BRDA:182,19,0,0
BRDA:186,20,0,0
BRDA:217,21,0,0
BRDA:269,22,0,0
BRDA:301,23,0,0
BRDA:309,24,0,0
BRDA:318,25,0,0
BRDA:323,26,0,0
BRF:38
BRH:2
end_of_record
TN:
SF:src/services/token-refresh.service.ts
FN:45,(anonymous_1)
FN:59,(anonymous_2)
FN:66,(anonymous_3)
FN:80,(anonymous_4)
FN:120,(anonymous_5)
FN:145,(anonymous_6)
FN:155,(anonymous_7)
FN:161,(anonymous_8)
FN:203,(anonymous_9)
FN:217,(anonymous_10)
FN:222,(anonymous_11)
FN:234,(anonymous_12)
FN:243,(anonymous_13)
FN:248,(anonymous_14)
FN:251,(anonymous_15)
FN:263,(anonymous_16)
FN:280,(anonymous_17)
FN:297,(anonymous_18)
FN:322,(anonymous_19)
FN:327,(anonymous_20)
FNF:20
FNH:0
FNDA:0,(anonymous_1)
FNDA:0,(anonymous_2)
FNDA:0,(anonymous_3)
FNDA:0,(anonymous_4)
FNDA:0,(anonymous_5)
FNDA:0,(anonymous_6)
FNDA:0,(anonymous_7)
FNDA:0,(anonymous_8)
FNDA:0,(anonymous_9)
FNDA:0,(anonymous_10)
FNDA:0,(anonymous_11)
FNDA:0,(anonymous_12)
FNDA:0,(anonymous_13)
FNDA:0,(anonymous_14)
FNDA:0,(anonymous_15)
FNDA:0,(anonymous_16)
FNDA:0,(anonymous_17)
FNDA:0,(anonymous_18)
FNDA:0,(anonymous_19)
FNDA:0,(anonymous_20)
DA:14,0
DA:15,0
DA:16,0
DA:17,0
DA:19,0
DA:35,0
DA:36,0
DA:37,0
DA:38,0
DA:39,0
DA:40,0
DA:41,0
DA:42,0
DA:43,0
DA:47,0
DA:49,0
DA:50,0
DA:52,0
DA:60,0
DA:67,0
DA:81,0
DA:82,0
DA:83,0
DA:86,0
DA:87,0
DA:89,0
DA:90,0
DA:93,0
DA:94,0
DA:95,0
DA:106,0
DA:109,0
DA:116,0
DA:117,0
DA:120,0
DA:121,0
DA:122,0
DA:125,0
DA:130,0
DA:131,0
DA:135,0
DA:137,0
DA:138,0
DA:144,0
DA:145,0
DA:146,0
DA:147,0
DA:151,0
DA:152,0
DA:155,0
DA:157,0
DA:158,0
DA:161,0
DA:163,0
DA:164,0
DA:168,0
DA:169,0
DA:170,0
DA:172,0
DA:173,0
DA:174,0
DA:176,0
DA:179,0
DA:183,0
DA:184,0
DA:185,0
DA:188,0
DA:189,0
DA:192,0
DA:195,0
DA:204,0
DA:205,0
DA:206,0
DA:212,0
DA:214,0
DA:217,0
DA:218,0
DA:222,0
DA:223,0
DA:224,0
DA:227,0
DA:235,0
DA:236,0
DA:237,0
DA:240,0
DA:243,0
DA:244,0
DA:248,0
DA:250,0
DA:251,0
DA:253,0
DA:254,0
DA:257,0
DA:264,0
DA:265,0
DA:266,0
DA:267,0
DA:270,0
DA:271,0
DA:272,0
DA:273,0
DA:281,0
DA:283,0
DA:285,0
DA:286,0
DA:287,0
DA:288,0
DA:291,0
DA:298,0
DA:302,0
DA:319,0
DA:322,0
DA:323,0
DA:324,0
DA:327,0
DA:328,0
DA:329,0
LF:117
LH:0
BRDA:20,0,0,0
BRDA:20,0,1,0
BRDA:47,1,0,0
BRDA:47,1,1,0
BRDA:49,2,0,0
BRDA:49,2,1,0
BRDA:68,3,0,0
BRDA:68,3,1,0
BRDA:73,4,0,0
BRDA:73,4,1,0
BRDA:81,5,0,0
BRDA:93,6,0,0
BRDA:97,7,0,0
BRDA:97,7,1,0
BRDA:125,8,0,0
BRDA:125,9,0,0
BRDA:125,9,1,0
BRDA:125,9,2,0
BRDA:125,9,3,0
BRDA:125,9,4,0
BRDA:147,10,0,0
BRDA:147,10,1,0
BRDA:163,11,0,0
BRDA:188,12,0,0
BRDA:204,13,0,0
BRDA:212,14,0,0
BRDA:212,14,1,0
BRDA:234,15,0,0
BRDA:235,16,0,0
BRDA:264,17,0,0
BRDA:270,18,0,0
BRDA:285,19,0,0
BRDA:298,20,0,0
BRDA:298,20,1,0
BRDA:309,21,0,0
BRDA:309,21,1,0
BRDA:313,22,0,0
BRDA:313,22,1,0
BRF:38
BRH:0
end_of_record
TN:
SF:src/types/property.types.ts
FN:50,(anonymous_0)
FN:342,transformPropertyToAPI
FN:346,(anonymous_2)
FN:416,getSchemaType
FN:431,formatCurrency
FN:443,getDataFreshness
FN:455,isPropertyDatabase
FN:464,isPropertyAPI
FNF:8
FNH:0
FNDA:0,(anonymous_0)
FNDA:0,transformPropertyToAPI
FNDA:0,(anonymous_2)
FNDA:0,getSchemaType
FNDA:0,formatCurrency
FNDA:0,getDataFreshness
FNDA:0,isPropertyDatabase
FNDA:0,isPropertyAPI
DA:19,0
DA:50,0
DA:51,0
DA:52,0
DA:53,0
DA:54,0
DA:55,0
DA:56,0
DA:57,0
DA:58,0
DA:59,0
DA:208,0
DA:213,0
DA:223,0
DA:229,0
DA:234,0
DA:342,0
DA:346,0
DA:348,0
DA:417,0
DA:418,0
DA:420,0
DA:421,0
DA:422,0
DA:423,0
DA:425,0
DA:432,0
DA:444,0
DA:446,0
DA:447,0
DA:448,0
DA:455,0
DA:456,0
DA:464,0
DA:465,0
LF:35
LH:0
BRDA:50,0,0,0
BRDA:50,0,1,0
BRDA:344,1,0,0
BRDA:349,2,0,0
BRDA:349,2,1,0
BRDA:359,3,0,0
BRDA:359,3,1,0
BRDA:359,4,0,0
BRDA:359,4,1,0
BRDA:363,5,0,0
BRDA:363,5,1,0
BRDA:363,6,0,0
BRDA:363,6,1,0
BRDA:369,7,0,0
BRDA:369,7,1,0
BRDA:374,8,0,0
BRDA:374,8,1,0
BRDA:378,9,0,0
BRDA:378,9,1,0
BRDA:381,10,0,0
BRDA:381,10,1,0
BRDA:388,11,0,0
BRDA:388,11,1,0
BRDA:403,12,0,0
BRDA:403,12,1,0
BRDA:420,13,0,0
BRDA:420,13,1,0
BRDA:422,14,0,0
BRDA:446,15,0,0
BRDA:447,16,0,0
BRDA:456,17,0,0
BRDA:456,17,1,0
BRDA:456,17,2,0
BRDA:456,17,3,0
BRDA:456,17,4,0
BRDA:456,17,5,0
BRDA:465,18,0,0
BRDA:465,18,1,0
BRDA:465,18,2,0
BRDA:465,18,3,0
BRDA:465,18,4,0
BRF:41
BRH:0
end_of_record
TN:
SF:src/utils/deduplication.ts
FN:10,removeDuplicatesFromQueue
FN:39,(anonymous_2)
FN:62,(anonymous_3)
FN:66,(anonymous_4)
FN:103,(anonymous_5)
FN:115,(anonymous_6)
FN:133,(anonymous_7)
FNF:7
FNH:0
FNDA:0,removeDuplicatesFromQueue
FNDA:0,(anonymous_2)
FNDA:0,(anonymous_3)
FNDA:0,(anonymous_4)
FNDA:0,(anonymous_5)
FNDA:0,(anonymous_6)
FNDA:0,(anonymous_7)
DA:1,0
DA:2,0
DA:3,0
DA:10,0
DA:11,0
DA:13,0
DA:14,0
DA:18,0
DA:23,0
DA:25,0
DA:26,0
DA:27,0
DA:28,0
DA:29,0
DA:33,0
DA:39,0
DA:42,0
DA:45,0
DA:46,0
DA:47,0
DA:48,0
DA:50,0
DA:51,0
DA:53,0
DA:61,0
DA:62,0
DA:65,0
DA:66,0
DA:68,0
DA:69,0
DA:70,0
DA:71,0
DA:72,0
DA:75,0
DA:78,0
DA:79,0
DA:83,0
DA:84,0
DA:87,0
DA:88,0
DA:91,0
DA:92,0
DA:93,0
DA:95,0
DA:99,0
DA:100,0
DA:101,0
DA:102,0
DA:103,0
DA:104,0
DA:106,0
DA:107,0
DA:109,0
DA:112,0
DA:113,0
DA:114,0
DA:115,0
DA:116,0
DA:118,0
DA:119,0
DA:121,0
DA:124,0
DA:127,0
DA:128,0
DA:131,0
DA:133,0
DA:136,0
DA:137,0
DA:138,0
DA:139,0
DA:140,0
DA:141,0
DA:144,0
DA:145,0
DA:146,0
DA:153,0
DA:154,0
DA:155,0
DA:156,0
DA:157,0
DA:158,0
DA:159,0
DA:162,0
DA:163,0
DA:164,0
DA:170,0
DA:171,0
DA:172,0
DA:174,0
DA:175,0
DA:176,0
DA:179,0
LF:92
LH:0
BRDA:10,0,0,0
BRDA:11,1,0,0
BRDA:11,2,0,0
BRDA:13,3,0,0
BRDA:25,4,0,0
BRDA:48,5,0,0
BRDA:50,6,0,0
BRDA:55,7,0,0
BRDA:55,7,1,0
BRDA:68,8,0,0
BRDA:87,9,0,0
BRDA:91,10,0,0
BRDA:92,11,0,0
BRDA:99,12,0,0
BRDA:100,13,0,0
BRDA:102,14,0,0
BRDA:102,14,1,0
BRDA:106,15,0,0
BRDA:112,16,0,0
BRDA:114,17,0,0
BRDA:114,17,1,0
BRDA:118,18,0,0
BRDA:140,19,0,0
BRDA:140,20,0,0
BRDA:140,20,1,0
BRDA:145,21,0,0
BRDA:145,22,0,0
BRDA:145,22,1,0
BRDA:146,23,0,0
BRDA:146,23,1,0
BRDA:158,24,0,0
BRDA:158,25,0,0
BRDA:158,25,1,0
BRDA:163,26,0,0
BRDA:163,27,0,0
BRDA:163,27,1,0
BRDA:164,28,0,0
BRDA:164,28,1,0
BRDA:170,29,0,0
BRDA:171,30,0,0
BRF:40
BRH:0
end_of_record
TN:
SF:src/utils/json-ld.utils.ts
FN:48,generatePropertyJsonLd
FN:175,generatePropertyListJsonLd
FN:190,(anonymous_2)
FN:245,generateOrganizationJsonLd
FN:310,generateBreadcrumbJsonLd
FN:317,(anonymous_5)
FN:335,generatePropertyCollectionJsonLd
FN:342,(anonymous_7)
FN:358,(anonymous_8)
FN:378,(anonymous_9)
FN:379,(anonymous_10)
FN:404,injectJsonLdScript
FN:413,generatePageJsonLd
FN:453,validateJsonLd
FNF:14
FNH:4
FNDA:7,generatePropertyJsonLd
FNDA:8,generatePropertyListJsonLd
FNDA:8,(anonymous_2)
FNDA:4,generateOrganizationJsonLd
FNDA:0,generateBreadcrumbJsonLd
FNDA:0,(anonymous_5)
FNDA:0,generatePropertyCollectionJsonLd
FNDA:0,(anonymous_7)
FNDA:0,(anonymous_8)
FNDA:0,(anonymous_9)
FNDA:0,(anonymous_10)
FNDA:0,injectJsonLdScript
FNDA:0,generatePageJsonLd
FNDA:0,validateJsonLd
DA:48,1
DA:53,7
DA:164,7
DA:175,1
DA:180,8
DA:190,8
DA:234,8
DA:245,1
DA:249,4
DA:310,1
DA:314,0
DA:317,0
DA:335,1
DA:341,0
DA:342,0
DA:346,0
DA:348,0
DA:358,0
DA:378,0
DA:379,0
DA:404,1
DA:405,0
DA:413,1
DA:418,0
DA:420,0
DA:423,0
DA:424,0
DA:429,0
DA:433,0
DA:434,0
DA:438,0
DA:442,0
DA:443,0
DA:446,0
DA:453,1
DA:454,0
DA:457,0
DA:458,0
DA:462,0
DA:463,0
DA:467,0
DA:469,0
DA:470,0
DA:472,0
DA:473,0
DA:478,0
DA:479,0
DA:480,0
DA:482,0
DA:483,0
DA:487,0
DA:490,1
LF:52
LH:15
BRDA:50,0,0,6
BRDA:51,1,0,6
BRDA:55,2,0,7
BRDA:55,2,1,1
BRDA:61,3,0,7
BRDA:61,3,1,1
BRDA:75,4,0,7
BRDA:75,4,1,6
BRDA:75,4,2,6
BRDA:87,5,0,7
BRDA:87,5,1,6
BRDA:89,6,0,6
BRDA:89,6,1,0
BRDA:109,7,0,6
BRDA:109,7,1,1
BRDA:127,8,0,7
BRDA:127,8,1,0
BRDA:133,9,0,7
BRDA:133,9,1,6
BRDA:178,10,0,8
BRDA:183,11,0,1
BRDA:183,11,1,7
BRDA:194,12,0,8
BRDA:194,12,1,0
BRDA:219,13,0,8
BRDA:219,13,1,1
BRDA:246,14,0,2
BRDA:247,15,0,3
BRDA:312,16,0,0
BRDA:321,17,0,0
BRDA:321,17,1,0
BRDA:339,18,0,0
BRDA:362,19,0,0
BRDA:362,19,1,0
BRDA:386,20,0,0
BRDA:386,20,1,0
BRDA:416,21,0,0
BRDA:420,22,0,0
BRDA:420,22,1,0
BRDA:420,22,2,0
BRDA:457,23,0,0
BRDA:462,24,0,0
BRDA:467,25,0,0
BRDA:467,26,0,0
BRDA:467,26,1,0
BRDA:467,26,2,0
BRDA:469,27,0,0
BRDA:472,28,0,0
BRDA:472,29,0,0
BRDA:472,29,1,0
BRDA:478,30,0,0
BRDA:478,31,0,0
BRDA:478,31,1,0
BRDA:479,32,0,0
BRDA:482,33,0,0
BRDA:482,34,0,0
BRDA:482,34,1,0
BRF:57
BRH:25
end_of_record
